Log file open, 05/03/23 23:22:24
LogWindows: Failed to load 'aqProf.dll' (GetLastError=126)
LogWindows: File 'aqProf.dll' does not exist
LogWindows: Failed to load 'VtuneApi.dll' (GetLastError=126)
LogWindows: File 'VtuneApi.dll' does not exist
LogWindows: Failed to load 'VtuneApi32e.dll' (GetLastError=126)
LogWindows: File 'VtuneApi32e.dll' does not exist
LogConsoleResponse: Display: Failed to find resolution value strings in scalability ini. Falling back to default.
LogConsoleResponse: Display: Failed to find resolution value strings in scalability ini. Falling back to default.
LogInit: Display: Running engine for game: MomentartWeakUe4
LogPlatformFile: Not using cached read wrapper
LogTaskGraph: Started task graph with 5 named threads and 23 total threads with 3 sets of task threads.
LogStats: Stats thread started at 0.437796
LogICUInternationalization: ICU TimeZone Detection - Raw Offset: -8:00, Platform Override: ''
LogInit: Display: Loading text-based GConfig....
LogPluginManager: Mounting plugin MeshPainting
LogPluginManager: Mounting plugin XGEController
LogPluginManager: Mounting plugin Paper2D
LogPluginManager: Mounting plugin LightPropagationVolume
LogPluginManager: Mounting plugin LiveLink
LogPluginManager: Mounting plugin AssetManagerEditor
LogPluginManager: Mounting plugin CurveEditorTools
LogPluginManager: Mounting plugin DataValidation
LogPluginManager: Mounting plugin CryptoKeys
LogPluginManager: Mounting plugin FacialAnimation
LogPluginManager: Mounting plugin GameplayTagsEditor
LogPluginManager: Mounting plugin GeometryMode
LogPluginManager: Mounting plugin MaterialAnalyzer
LogPluginManager: Mounting plugin OodleData
LogPluginManager: Mounting plugin MobileLauncherProfileWizard
LogPluginManager: Mounting plugin PluginBrowser
LogPluginManager: Mounting plugin AnimationSharing
LogPluginManager: Mounting plugin CLionSourceCodeAccess
LogPluginManager: Mounting plugin CodeLiteSourceCodeAccess
LogPluginManager: Mounting plugin SpeedTreeImporter
LogPluginManager: Mounting plugin GitSourceControl
LogPluginManager: Mounting plugin KDevelopSourceCodeAccess
LogPluginManager: Mounting plugin NullSourceCodeAccess
LogPluginManager: Mounting plugin PerforceSourceControl
LogPluginManager: Mounting plugin PixWinPlugin
LogPluginManager: Mounting plugin PlasticSourceControl
LogPluginManager: Mounting plugin PluginUtils
LogPluginManager: Mounting plugin PropertyAccessNode
LogPluginManager: Mounting plugin MacGraphicsSwitching
LogPluginManager: Mounting plugin OodleNetwork
LogPluginManager: Mounting plugin RiderSourceCodeAccess
LogPluginManager: Mounting plugin SubversionSourceControl
LogPluginManager: Mounting plugin UObjectPlugin
LogPluginManager: Mounting plugin VisualStudioCodeSourceCodeAccess
LogPluginManager: Mounting plugin VisualStudioSourceCodeAccess
LogPluginManager: Mounting plugin XCodeSourceCodeAccess
LogPluginManager: Mounting plugin DatasmithContent
LogPluginManager: Mounting plugin VariantManagerContent
LogPluginManager: Mounting plugin TextureFormatOodle
LogPluginManager: Mounting plugin AlembicImporter
LogPluginManager: Mounting plugin AutomationUtils
LogPluginManager: Mounting plugin BackChannel
LogPluginManager: Mounting plugin ChaosCloth
LogPluginManager: Mounting plugin ChaosClothEditor
LogPluginManager: Mounting plugin ChaosEditor
LogPluginManager: Mounting plugin ChaosNiagara
LogPluginManager: Mounting plugin ChaosSolverPlugin
LogPluginManager: Mounting plugin CharacterAI
LogPluginManager: Mounting plugin GeometryCache
LogPluginManager: Mounting plugin GeometryCollectionPlugin
LogPluginManager: Mounting plugin GeometryProcessing
LogPluginManager: Mounting plugin MotoSynth
LogPluginManager: Mounting plugin OpenImageDenoise
LogPluginManager: Mounting plugin PlatformCrypto
LogPluginManager: Mounting plugin PlanarCut
LogPluginManager: Mounting plugin ProxyLODPlugin
LogPluginManager: Mounting plugin PythonScriptPlugin
LogPluginManager: Mounting plugin SkeletalReduction
LogPluginManager: Mounting plugin Niagara
LogPluginManager: Mounting plugin LuminPlatformFeatures
LogPluginManager: Mounting plugin MagicLeap
LogPluginManager: Mounting plugin MagicLeapLightEstimation
LogPluginManager: Mounting plugin MagicLeapMedia
LogPluginManager: Mounting plugin MagicLeapPassableWorld
LogPluginManager: Mounting plugin MLSDK
LogPluginManager: Mounting plugin UdpMessaging
LogPluginManager: Mounting plugin TcpMessaging
LogPluginManager: Mounting plugin AndroidMedia
LogPluginManager: Mounting plugin AvfMedia
LogPluginManager: Mounting plugin ImgMedia
LogPluginManager: Mounting plugin MediaCompositing
LogPluginManager: Mounting plugin MediaPlayerEditor
LogPluginManager: Mounting plugin WmfMedia
LogPluginManager: Mounting plugin WebMMedia
LogPluginManager: Mounting plugin ActorSequence
LogPluginManager: Mounting plugin LevelSequenceEditor
LogPluginManager: Mounting plugin MatineeToLevelSequence
LogPluginManager: Mounting plugin TemplateSequence
LogPluginManager: Mounting plugin OnlineSubsystem
LogPluginManager: Mounting plugin OnlineSubsystemNull
LogPluginManager: Mounting plugin OnlineSubsystemUtils
LogPluginManager: Mounting plugin LauncherChunkInstaller
LogPluginManager: Mounting plugin ActorLayerUtilities
LogPluginManager: Mounting plugin AndroidMoviePlayer
LogPluginManager: Mounting plugin AndroidPermission
LogPluginManager: Mounting plugin AppleImageUtils
LogPluginManager: Mounting plugin AppleMoviePlayer
LogPluginManager: Mounting plugin ArchVisCharacter
LogPluginManager: Mounting plugin AudioSynesthesia
LogPluginManager: Mounting plugin AudioCapture
LogPluginManager: Mounting plugin AssetTags
LogPluginManager: Mounting plugin CableComponent
LogPluginManager: Mounting plugin CustomMeshComponent
LogPluginManager: Mounting plugin ChunkDownloader
LogPluginManager: Mounting plugin EditableMesh
LogPluginManager: Mounting plugin ExampleDeviceProfileSelector
LogPluginManager: Mounting plugin AndroidDeviceProfileSelector
LogPluginManager: Mounting plugin GoogleCloudMessaging
LogPluginManager: Mounting plugin GooglePAD
LogPluginManager: Mounting plugin IOSDeviceProfileSelector
LogPluginManager: Mounting plugin LinuxDeviceProfileSelector
LogPluginManager: Mounting plugin LocationServicesBPLibrary
LogPluginManager: Mounting plugin MobilePatchingUtils
LogPluginManager: Mounting plugin OpenXR
LogPluginManager: Mounting plugin OpenXREyeTracker
LogPluginManager: Mounting plugin OpenXRHandTracking
LogPluginManager: Mounting plugin PhysXVehicles
LogPluginManager: Mounting plugin PostSplashScreen
LogPluginManager: Mounting plugin ProceduralMeshComponent
LogPluginManager: Mounting plugin PropertyAccessEditor
LogPluginManager: Mounting plugin RuntimePhysXCooking
LogPluginManager: Mounting plugin SignificanceManager
LogPluginManager: Mounting plugin SoundFields
LogPluginManager: Mounting plugin Synthesis
LogPluginManager: Mounting plugin WebMMoviePlayer
LogPluginManager: Mounting plugin WindowsMoviePlayer
LogPluginManager: Mounting plugin ScreenshotTools
LogPluginManager: Mounting plugin Takes
LogPluginManager: Mounting plugin CameraShakePreviewer
LogPluginManager: Mounting plugin GameplayCameras
LogPluginManager: Mounting plugin AISupport
LogPluginManager: Mounting plugin EnvironmentQueryEditor
LogPluginManager: Mounting plugin ContentBrowserAssetDataSource
LogPluginManager: Mounting plugin ContentBrowserClassDataSource
LogPluginManager: Mounting plugin ContentBrowserFileDataSource
LogPluginManager: Mounting plugin OnlineSubsystemGooglePlay
LogPluginManager: Mounting plugin OnlineSubsystemIOS
LogPluginManager: Mounting plugin OculusVR
PixWinPlugin: PIX capture plugin failed to initialize! Check that the process is launched from PIX.
LogInit: Using libcurl 7.55.1-DEV
LogInit:  - built for x86_64-pc-win32
LogInit:  - supports SSL with OpenSSL/1.1.1
LogInit:  - supports HTTP deflate (compression) using libz 1.2.8
LogInit:  - other features:
LogInit:      CURL_VERSION_SSL
LogInit:      CURL_VERSION_LIBZ
LogInit:      CURL_VERSION_IPV6
LogInit:      CURL_VERSION_ASYNCHDNS
LogInit:      CURL_VERSION_LARGEFILE
LogInit:      CURL_VERSION_IDN
LogInit:  CurlRequestOptions (configurable via config and command line):
LogInit:  - bVerifyPeer = true  - Libcurl will verify peer certificate
LogInit:  - bUseHttpProxy = false  - Libcurl will NOT use HTTP proxy
LogInit:  - bDontReuseConnections = false  - Libcurl will reuse connections
LogInit:  - MaxHostConnections = 16  - Libcurl will limit the number of connections to a host
LogInit:  - LocalHostAddr = Default
LogInit:  - BufferSize = 65536
LogOnline: OSS: Creating online subsystem instance for: NULL
LogInit: WinSock: version 1.1 (2.2), MaxSocks=32767, MaxUdp=65467
LogOnline: OSS: TryLoadSubsystemAndSetDefault: Loaded subsystem for module [NULL]
LogOculusPluginWrapper: OculusPlugin initialized successfully
LogHMD: Failed initializing OVRPlugin 1.59.0
LogInit: Build: ++UE4+Release-4.27-CL-18319896
LogInit: Engine Version: 4.27.2-18319896+++UE4+Release-4.27
LogInit: Compatible Engine Version: 4.27.0-17155196+++UE4+Release-4.27
LogInit: Net CL: 17155196
LogInit: OS: Windows 10 (Release 2009) (), CPU: Intel(R) Core(TM) i7-4790 CPU @ 3.60GHz, GPU: NVIDIA GeForce GTX 1650
LogInit: Compiled (64-bit): Nov 30 2021 07:12:08
LogInit: Compiled with Visual C++: 19.24.28315.00
LogInit: Build Configuration: Development
LogInit: Branch Name: ++UE4+Release-4.27
LogInit: Command Line:  -EpicPortal -epicusername=HaseoWasCool -epicuserid=9f518ea12b734a2481ce3d32dd34a1a0 -epiclocale=en -epicsandboxid=ue
LogInit: Base Directory: E:/Epic Got me by the balls/UE_4.27/Engine/Binaries/Win64/
LogInit: Allocator: TBB
LogInit: Installed Engine Build: 1
LogDevObjectVersion: Number of dev versions registered: 29
LogDevObjectVersion:   Dev-Blueprints (B0D832E4-1F89-4F0D-ACCF-7EB736FD4AA2): 10
LogDevObjectVersion:   Dev-Build (E1C64328-A22C-4D53-A36C-8E866417BD8C): 0
LogDevObjectVersion:   Dev-Core (375EC13C-06E4-48FB-B500-84F0262A717E): 4
LogDevObjectVersion:   Dev-Editor (E4B068ED-F494-42E9-A231-DA0B2E46BB41): 40
LogDevObjectVersion:   Dev-Framework (CFFC743F-43B0-4480-9391-14DF171D2073): 37
LogDevObjectVersion:   Dev-Mobile (B02B49B5-BB20-44E9-A304-32B752E40360): 3
LogDevObjectVersion:   Dev-Networking (A4E4105C-59A1-49B5-A7C5-40C4547EDFEE): 0
LogDevObjectVersion:   Dev-Online (39C831C9-5AE6-47DC-9A44-9C173E1C8E7C): 0
LogDevObjectVersion:   Dev-Physics (78F01B33-EBEA-4F98-B9B4-84EACCB95AA2): 14
LogDevObjectVersion:   Dev-Platform (6631380F-2D4D-43E0-8009-CF276956A95A): 0
LogDevObjectVersion:   Dev-Rendering (12F88B9F-8875-4AFC-A67C-D90C383ABD29): 45
LogDevObjectVersion:   Dev-Sequencer (7B5AE74C-D270-4C10-A958-57980B212A5A): 13
LogDevObjectVersion:   Dev-VR (D7296918-1DD6-4BDD-9DE2-64A83CC13884): 3
LogDevObjectVersion:   Dev-LoadTimes (C2A15278-BFE7-4AFE-6C17-90FF531DF755): 1
LogDevObjectVersion:   Private-Geometry (6EACA3D4-40EC-4CC1-B786-8BED09428FC5): 3
LogDevObjectVersion:   Dev-AnimPhys (29E575DD-E0A3-4627-9D10-D276232CDCEA): 17
LogDevObjectVersion:   Dev-Anim (AF43A65D-7FD3-4947-9873-3E8ED9C1BB05): 15
LogDevObjectVersion:   Dev-ReflectionCapture (6B266CEC-1EC7-4B8F-A30B-E4D90942FC07): 1
LogDevObjectVersion:   Dev-Automation (0DF73D61-A23F-47EA-B727-89E90C41499A): 1
LogDevObjectVersion:   FortniteMain (601D1886-AC64-4F84-AA16-D3DE0DEAC7D6): 47
LogDevObjectVersion:   FortniteRelease (E7086368-6B23-4C58-8439-1B7016265E91): 1
LogDevObjectVersion:   Dev-Enterprise (9DFFBCD6-494F-0158-E221-12823C92A888): 10
LogDevObjectVersion:   Dev-Niagara (F2AED0AC-9AFE-416F-8664-AA7FFA26D6FC): 1
LogDevObjectVersion:   Dev-Destruction (174F1F0B-B4C6-45A5-B13F-2EE8D0FB917D): 10
LogDevObjectVersion:   Dev-Physics-Ext (35F94A83-E258-406C-A318-09F59610247C): 41
LogDevObjectVersion:   Dev-PhysicsMaterial-Chaos (B68FC16E-8B1B-42E2-B453-215C058844FE): 1
LogDevObjectVersion:   Dev-CineCamera (B2E18506-4273-CFC2-A54E-F4BB758BBA07): 1
LogDevObjectVersion:   Dev-VirtualProduction (64F58936-FD1B-42BA-BA96-7289D5D0FA4E): 1
LogDevObjectVersion:   Dev-MediaFramework (6F0ED827-A609-4895-9C91-998D90180EA4): 2
LogInit: Presizing for max 25165824 objects, including 0 objects not considered by GC, pre-allocating 0 bytes for permanent pool.
LogConfig: Applying CVar settings from Section [/Script/Engine.StreamingSettings] File [E:/Github Work/MomentaryWeakness_UE4/MomentartWeakUe4/Saved/Config/Windows/Engine.ini]
LogConfig: Setting CVar [[s.MinBulkDataSizeForAsyncLoading:131072]]
LogConfig: Setting CVar [[s.AsyncLoadingThreadEnabled:0]]
LogConfig: Setting CVar [[s.EventDrivenLoaderEnabled:1]]
LogConfig: Setting CVar [[s.WarnIfTimeLimitExceeded:0]]
LogConfig: Setting CVar [[s.TimeLimitExceededMultiplier:1.5]]
LogConfig: Setting CVar [[s.TimeLimitExceededMinTime:0.005]]
LogConfig: Setting CVar [[s.UseBackgroundLevelStreaming:1]]
LogConfig: Setting CVar [[s.PriorityAsyncLoadingExtraTime:15.0]]
LogConfig: Setting CVar [[s.LevelStreamingActorsUpdateTimeLimit:5.0]]
LogConfig: Setting CVar [[s.PriorityLevelStreamingActorsUpdateExtraTime:5.0]]
LogConfig: Setting CVar [[s.LevelStreamingComponentsRegistrationGranularity:10]]
LogConfig: Setting CVar [[s.UnregisterComponentsTimeLimit:1.0]]
LogConfig: Setting CVar [[s.LevelStreamingComponentsUnregistrationGranularity:5]]
LogConfig: Setting CVar [[s.FlushStreamingOnExit:1]]
LogInit: Object subsystem initialized
LogConfig: Setting CVar [[con.DebugEarlyDefault:1]]
LogConfig: Setting CVar [[r.setres:1280x720]]
[2023.05.04-06.22.25:717][  0]LogConfig: Setting CVar [[r.VSync:0]]
[2023.05.04-06.22.25:718][  0]LogConfig: Setting CVar [[r.RHICmdBypass:0]]
[2023.05.04-06.22.25:718][  0]LogConfig: Applying CVar settings from Section [/Script/Engine.RendererSettings] File [E:/Github Work/MomentaryWeakness_UE4/MomentartWeakUe4/Saved/Config/Windows/Engine.ini]
[2023.05.04-06.22.25:718][  0]LogConfig: Setting CVar [[r.GPUCrashDebugging:0]]
[2023.05.04-06.22.25:718][  0]LogConfig: Applying CVar settings from Section [/Script/Engine.RendererOverrideSettings] File [E:/Github Work/MomentaryWeakness_UE4/MomentartWeakUe4/Saved/Config/Windows/Engine.ini]
[2023.05.04-06.22.25:718][  0]LogConfig: Applying CVar settings from Section [/Script/Engine.StreamingSettings] File [E:/Github Work/MomentaryWeakness_UE4/MomentartWeakUe4/Saved/Config/Windows/Engine.ini]
[2023.05.04-06.22.25:718][  0]LogConfig: Setting CVar [[s.MinBulkDataSizeForAsyncLoading:131072]]
[2023.05.04-06.22.25:718][  0]LogConfig: Setting CVar [[s.AsyncLoadingThreadEnabled:0]]
[2023.05.04-06.22.25:718][  0]LogConfig: Setting CVar [[s.EventDrivenLoaderEnabled:1]]
[2023.05.04-06.22.25:718][  0]LogConfig: Setting CVar [[s.WarnIfTimeLimitExceeded:0]]
[2023.05.04-06.22.25:718][  0]LogConfig: Setting CVar [[s.TimeLimitExceededMultiplier:1.5]]
[2023.05.04-06.22.25:718][  0]LogConfig: Setting CVar [[s.TimeLimitExceededMinTime:0.005]]
[2023.05.04-06.22.25:718][  0]LogConfig: Setting CVar [[s.UseBackgroundLevelStreaming:1]]
[2023.05.04-06.22.25:718][  0]LogConfig: Setting CVar [[s.PriorityAsyncLoadingExtraTime:15.0]]
[2023.05.04-06.22.25:718][  0]LogConfig: Setting CVar [[s.LevelStreamingActorsUpdateTimeLimit:5.0]]
[2023.05.04-06.22.25:718][  0]LogConfig: Setting CVar [[s.PriorityLevelStreamingActorsUpdateExtraTime:5.0]]
[2023.05.04-06.22.25:718][  0]LogConfig: Setting CVar [[s.LevelStreamingComponentsRegistrationGranularity:10]]
[2023.05.04-06.22.25:718][  0]LogConfig: Setting CVar [[s.UnregisterComponentsTimeLimit:1.0]]
[2023.05.04-06.22.25:718][  0]LogConfig: Setting CVar [[s.LevelStreamingComponentsUnregistrationGranularity:5]]
[2023.05.04-06.22.25:718][  0]LogConfig: Setting CVar [[s.FlushStreamingOnExit:1]]
[2023.05.04-06.22.25:718][  0]LogConfig: Applying CVar settings from Section [/Script/Engine.GarbageCollectionSettings] File [E:/Github Work/MomentaryWeakness_UE4/MomentartWeakUe4/Saved/Config/Windows/Engine.ini]
[2023.05.04-06.22.25:718][  0]LogConfig: Setting CVar [[gc.MaxObjectsNotConsideredByGC:1]]
[2023.05.04-06.22.25:718][  0]LogConfig: Setting CVar [[gc.SizeOfPermanentObjectPool:0]]
[2023.05.04-06.22.25:718][  0]LogConfig: Setting CVar [[gc.FlushStreamingOnGC:0]]
[2023.05.04-06.22.25:718][  0]LogConfig: Setting CVar [[gc.NumRetriesBeforeForcingGC:10]]
[2023.05.04-06.22.25:718][  0]LogConfig: Setting CVar [[gc.AllowParallelGC:1]]
[2023.05.04-06.22.25:718][  0]LogConfig: Setting CVar [[gc.TimeBetweenPurgingPendingKillObjects:61.1]]
[2023.05.04-06.22.25:718][  0]LogConfig: Setting CVar [[gc.MaxObjectsInEditor:25165824]]
[2023.05.04-06.22.25:718][  0]LogConfig: Setting CVar [[gc.IncrementalBeginDestroyEnabled:1]]
[2023.05.04-06.22.25:718][  0]LogConfig: Setting CVar [[gc.CreateGCClusters:1]]
[2023.05.04-06.22.25:718][  0]LogConfig: Setting CVar [[gc.MinGCClusterSize:5]]
[2023.05.04-06.22.25:718][  0]LogConfig: Setting CVar [[gc.ActorClusteringEnabled:0]]
[2023.05.04-06.22.25:718][  0]LogConfig: Setting CVar [[gc.BlueprintClusteringEnabled:0]]
[2023.05.04-06.22.25:718][  0]LogConfig: Setting CVar [[gc.UseDisregardForGCOnDedicatedServers:0]]
[2023.05.04-06.22.25:718][  0]LogConfig: Setting CVar [[gc.MultithreadedDestructionEnabled:1]]
[2023.05.04-06.22.25:718][  0]LogConfig: Applying CVar settings from Section [/Script/Engine.NetworkSettings] File [E:/Github Work/MomentaryWeakness_UE4/MomentartWeakUe4/Saved/Config/Windows/Engine.ini]
[2023.05.04-06.22.25:718][  0]LogConfig: Applying CVar settings from Section [/Script/UnrealEd.CookerSettings] File [E:/Github Work/MomentaryWeakness_UE4/MomentartWeakUe4/Saved/Config/Windows/Engine.ini]
[2023.05.04-06.22.25:731][  0]LogConfig: Applying CVar settings from Section [ViewDistanceQuality@3] File [E:/Github Work/MomentaryWeakness_UE4/MomentartWeakUe4/Saved/Config/Windows/Scalability.ini]
[2023.05.04-06.22.25:731][  0]LogConfig: Setting CVar [[r.SkeletalMeshLODBias:0]]
[2023.05.04-06.22.25:731][  0]LogConfig: Setting CVar [[r.ViewDistanceScale:1.0]]
[2023.05.04-06.22.25:731][  0]LogConfig: Applying CVar settings from Section [AntiAliasingQuality@3] File [E:/Github Work/MomentaryWeakness_UE4/MomentartWeakUe4/Saved/Config/Windows/Scalability.ini]
[2023.05.04-06.22.25:731][  0]LogConfig: Setting CVar [[r.PostProcessAAQuality:4]]
[2023.05.04-06.22.25:731][  0]LogConfig: Applying CVar settings from Section [ShadowQuality@3] File [E:/Github Work/MomentaryWeakness_UE4/MomentartWeakUe4/Saved/Config/Windows/Scalability.ini]
[2023.05.04-06.22.25:731][  0]LogConfig: Setting CVar [[r.LightFunctionQuality:1]]
[2023.05.04-06.22.25:731][  0]LogConfig: Setting CVar [[r.ShadowQuality:5]]
[2023.05.04-06.22.25:732][  0]LogConfig: Setting CVar [[r.Shadow.CSM.MaxCascades:10]]
[2023.05.04-06.22.25:732][  0]LogConfig: Setting CVar [[r.Shadow.MaxResolution:2048]]
[2023.05.04-06.22.25:732][  0]LogConfig: Setting CVar [[r.Shadow.MaxCSMResolution:2048]]
[2023.05.04-06.22.25:732][  0]LogConfig: Setting CVar [[r.Shadow.RadiusThreshold:0.01]]
[2023.05.04-06.22.25:732][  0]LogConfig: Setting CVar [[r.Shadow.DistanceScale:1.0]]
[2023.05.04-06.22.25:732][  0]LogConfig: Setting CVar [[r.Shadow.CSM.TransitionScale:1.0]]
[2023.05.04-06.22.25:732][  0]LogConfig: Setting CVar [[r.Shadow.PreShadowResolutionFactor:1.0]]
[2023.05.04-06.22.25:732][  0]LogConfig: Setting CVar [[r.DistanceFieldShadowing:1]]
[2023.05.04-06.22.25:732][  0]LogConfig: Setting CVar [[r.DistanceFieldAO:1]]
[2023.05.04-06.22.25:732][  0]LogConfig: Setting CVar [[r.AOQuality:2]]
[2023.05.04-06.22.25:732][  0]LogConfig: Setting CVar [[r.VolumetricFog:1]]
[2023.05.04-06.22.25:732][  0]LogConfig: Setting CVar [[r.VolumetricFog.GridPixelSize:8]]
[2023.05.04-06.22.25:732][  0]LogConfig: Setting CVar [[r.VolumetricFog.GridSizeZ:128]]
[2023.05.04-06.22.25:732][  0]LogConfig: Setting CVar [[r.VolumetricFog.HistoryMissSupersampleCount:4]]
[2023.05.04-06.22.25:732][  0]LogConfig: Setting CVar [[r.LightMaxDrawDistanceScale:1]]
[2023.05.04-06.22.25:732][  0]LogConfig: Setting CVar [[r.CapsuleShadows:1]]
[2023.05.04-06.22.25:732][  0]LogConfig: Applying CVar settings from Section [PostProcessQuality@3] File [E:/Github Work/MomentaryWeakness_UE4/MomentartWeakUe4/Saved/Config/Windows/Scalability.ini]
[2023.05.04-06.22.25:732][  0]LogConfig: Setting CVar [[r.MotionBlurQuality:4]]
[2023.05.04-06.22.25:732][  0]LogConfig: Setting CVar [[r.AmbientOcclusionMipLevelFactor:0.4]]
[2023.05.04-06.22.25:732][  0]LogConfig: Setting CVar [[r.AmbientOcclusionMaxQuality:100]]
[2023.05.04-06.22.25:732][  0]LogConfig: Setting CVar [[r.AmbientOcclusionLevels:-1]]
[2023.05.04-06.22.25:732][  0]LogConfig: Setting CVar [[r.AmbientOcclusionRadiusScale:1.0]]
[2023.05.04-06.22.25:732][  0]LogConfig: Setting CVar [[r.DepthOfFieldQuality:2]]
[2023.05.04-06.22.25:732][  0]LogConfig: Setting CVar [[r.RenderTargetPoolMin:400]]
[2023.05.04-06.22.25:732][  0]LogConfig: Setting CVar [[r.LensFlareQuality:2]]
[2023.05.04-06.22.25:732][  0]LogConfig: Setting CVar [[r.SceneColorFringeQuality:1]]
[2023.05.04-06.22.25:732][  0]LogConfig: Setting CVar [[r.EyeAdaptationQuality:2]]
[2023.05.04-06.22.25:732][  0]LogConfig: Setting CVar [[r.BloomQuality:5]]
[2023.05.04-06.22.25:732][  0]LogConfig: Setting CVar [[r.FastBlurThreshold:100]]
[2023.05.04-06.22.25:732][  0]LogConfig: Setting CVar [[r.Upscale.Quality:3]]
[2023.05.04-06.22.25:732][  0]LogConfig: Setting CVar [[r.Tonemapper.GrainQuantization:1]]
[2023.05.04-06.22.25:732][  0]LogConfig: Setting CVar [[r.LightShaftQuality:1]]
[2023.05.04-06.22.25:732][  0]LogConfig: Setting CVar [[r.Filter.SizeScale:1]]
[2023.05.04-06.22.25:732][  0]LogConfig: Setting CVar [[r.Tonemapper.Quality:5]]
[2023.05.04-06.22.25:732][  0]LogConfig: Setting CVar [[r.DOF.Gather.AccumulatorQuality:1        ; higher gathering accumulator quality]]
[2023.05.04-06.22.25:732][  0]LogConfig: Setting CVar [[r.DOF.Gather.PostfilterMethod:1          ; Median3x3 postfilering method]]
[2023.05.04-06.22.25:732][  0]LogConfig: Setting CVar [[r.DOF.Gather.EnableBokehSettings:0       ; no bokeh simulation when gathering]]
[2023.05.04-06.22.25:732][  0]LogConfig: Setting CVar [[r.DOF.Gather.RingCount:4                 ; medium number of samples when gathering]]
[2023.05.04-06.22.25:732][  0]LogConfig: Setting CVar [[r.DOF.Scatter.ForegroundCompositing:1    ; additive foreground scattering]]
[2023.05.04-06.22.25:732][  0]LogConfig: Setting CVar [[r.DOF.Scatter.BackgroundCompositing:2    ; additive background scattering]]
[2023.05.04-06.22.25:732][  0]LogConfig: Setting CVar [[r.DOF.Scatter.EnableBokehSettings:1      ; bokeh simulation when scattering]]
[2023.05.04-06.22.25:732][  0]LogConfig: Setting CVar [[r.DOF.Scatter.MaxSpriteRatio:0.1         ; only a maximum of 10% of scattered bokeh]]
[2023.05.04-06.22.25:732][  0]LogConfig: Setting CVar [[r.DOF.Recombine.Quality:1                ; cheap slight out of focus]]
[2023.05.04-06.22.25:732][  0]LogConfig: Setting CVar [[r.DOF.Recombine.EnableBokehSettings:0    ; no bokeh simulation on slight out of focus]]
[2023.05.04-06.22.25:732][  0]LogConfig: Setting CVar [[r.DOF.TemporalAAQuality:1                ; more stable temporal accumulation]]
[2023.05.04-06.22.25:732][  0]LogConfig: Setting CVar [[r.DOF.Kernel.MaxForegroundRadius:0.025]]
[2023.05.04-06.22.25:733][  0]LogConfig: Setting CVar [[r.DOF.Kernel.MaxBackgroundRadius:0.025]]
[2023.05.04-06.22.25:733][  0]LogConfig: Applying CVar settings from Section [TextureQuality@3] File [E:/Github Work/MomentaryWeakness_UE4/MomentartWeakUe4/Saved/Config/Windows/Scalability.ini]
[2023.05.04-06.22.25:733][  0]LogConfig: Setting CVar [[r.Streaming.MipBias:0]]
[2023.05.04-06.22.25:733][  0]LogConfig: Setting CVar [[r.Streaming.AmortizeCPUToGPUCopy:0]]
[2023.05.04-06.22.25:733][  0]LogConfig: Setting CVar [[r.Streaming.MaxNumTexturesToStreamPerFrame:0]]
[2023.05.04-06.22.25:733][  0]LogConfig: Setting CVar [[r.Streaming.Boost:1]]
[2023.05.04-06.22.25:733][  0]LogConfig: Setting CVar [[r.MaxAnisotropy:8]]
[2023.05.04-06.22.25:733][  0]LogConfig: Setting CVar [[r.VT.MaxAnisotropy:8]]
[2023.05.04-06.22.25:733][  0]LogConfig: Setting CVar [[r.Streaming.LimitPoolSizeToVRAM:0]]
[2023.05.04-06.22.25:733][  0]LogConfig: Setting CVar [[r.Streaming.PoolSize:1000]]
[2023.05.04-06.22.25:733][  0]LogConfig: Setting CVar [[r.Streaming.MaxEffectiveScreenSize:0]]
[2023.05.04-06.22.25:733][  0]LogConfig: Applying CVar settings from Section [EffectsQuality@3] File [E:/Github Work/MomentaryWeakness_UE4/MomentartWeakUe4/Saved/Config/Windows/Scalability.ini]
[2023.05.04-06.22.25:733][  0]LogConfig: Setting CVar [[r.TranslucencyLightingVolumeDim:64]]
[2023.05.04-06.22.25:733][  0]LogConfig: Setting CVar [[r.RefractionQuality:2]]
[2023.05.04-06.22.25:733][  0]LogConfig: Setting CVar [[r.SSR.Quality:3]]
[2023.05.04-06.22.25:733][  0]LogConfig: Setting CVar [[r.SSR.HalfResSceneColor:0]]
[2023.05.04-06.22.25:733][  0]LogConfig: Setting CVar [[r.SceneColorFormat:4]]
[2023.05.04-06.22.25:733][  0]LogConfig: Setting CVar [[r.DetailMode:2]]
[2023.05.04-06.22.25:733][  0]LogConfig: Setting CVar [[r.TranslucencyVolumeBlur:1]]
[2023.05.04-06.22.25:733][  0]LogConfig: Setting CVar [[r.MaterialQualityLevel:1 ; High quality]]
[2023.05.04-06.22.25:733][  0]LogConfig: Setting CVar [[r.AnisotropicMaterials:1]]
[2023.05.04-06.22.25:733][  0]LogConfig: Setting CVar [[r.SSS.Scale:1]]
[2023.05.04-06.22.25:733][  0]LogConfig: Setting CVar [[r.SSS.SampleSet:2]]
[2023.05.04-06.22.25:733][  0]LogConfig: Setting CVar [[r.SSS.Quality:1]]
[2023.05.04-06.22.25:733][  0]LogConfig: Setting CVar [[r.SSS.HalfRes:0]]
[2023.05.04-06.22.25:733][  0]LogConfig: Setting CVar [[r.SSGI.Quality:3]]
[2023.05.04-06.22.25:733][  0]LogConfig: Setting CVar [[r.EmitterSpawnRateScale:1.0]]
[2023.05.04-06.22.25:733][  0]LogConfig: Setting CVar [[r.ParticleLightQuality:2]]
[2023.05.04-06.22.25:733][  0]LogConfig: Setting CVar [[r.SkyAtmosphere.AerialPerspectiveLUT.FastApplyOnOpaque:1 ; Always have FastSkyLUT 1 in this case to avoid wrong sky]]
[2023.05.04-06.22.25:733][  0]LogConfig: Setting CVar [[r.SkyAtmosphere.AerialPerspectiveLUT.SampleCountMaxPerSlice:4]]
[2023.05.04-06.22.25:733][  0]LogConfig: Setting CVar [[r.SkyAtmosphere.AerialPerspectiveLUT.DepthResolution:16.0]]
[2023.05.04-06.22.25:733][  0]LogConfig: Setting CVar [[r.SkyAtmosphere.FastSkyLUT:1]]
[2023.05.04-06.22.25:733][  0]LogConfig: Setting CVar [[r.SkyAtmosphere.FastSkyLUT.SampleCountMin:4.0]]
[2023.05.04-06.22.25:733][  0]LogConfig: Setting CVar [[r.SkyAtmosphere.FastSkyLUT.SampleCountMax:128.0]]
[2023.05.04-06.22.25:733][  0]LogConfig: Setting CVar [[r.SkyAtmosphere.SampleCountMin:4.0]]
[2023.05.04-06.22.25:733][  0]LogConfig: Setting CVar [[r.SkyAtmosphere.SampleCountMax:128.0]]
[2023.05.04-06.22.25:733][  0]LogConfig: Setting CVar [[r.SkyAtmosphere.TransmittanceLUT.UseSmallFormat:0]]
[2023.05.04-06.22.25:733][  0]LogConfig: Setting CVar [[r.SkyAtmosphere.TransmittanceLUT.SampleCount:10.0]]
[2023.05.04-06.22.25:733][  0]LogConfig: Setting CVar [[r.SkyAtmosphere.MultiScatteringLUT.SampleCount:15.0]]
[2023.05.04-06.22.25:733][  0]LogConfig: Setting CVar [[r.SkyLight.RealTimeReflectionCapture:1]]
[2023.05.04-06.22.25:733][  0]LogConfig: Applying CVar settings from Section [FoliageQuality@3] File [E:/Github Work/MomentaryWeakness_UE4/MomentartWeakUe4/Saved/Config/Windows/Scalability.ini]
[2023.05.04-06.22.25:733][  0]LogConfig: Setting CVar [[foliage.DensityScale:1.0]]
[2023.05.04-06.22.25:733][  0]LogConfig: Setting CVar [[grass.DensityScale:1.0]]
[2023.05.04-06.22.25:733][  0]LogConfig: Applying CVar settings from Section [ShadingQuality@3] File [E:/Github Work/MomentaryWeakness_UE4/MomentartWeakUe4/Saved/Config/Windows/Scalability.ini]
[2023.05.04-06.22.25:733][  0]LogConfig: Setting CVar [[r.HairStrands.SkyLighting.IntegrationType:2]]
[2023.05.04-06.22.25:733][  0]LogConfig: Setting CVar [[r.HairStrands.SkyAO.SampleCount:4]]
[2023.05.04-06.22.25:733][  0]LogConfig: Setting CVar [[r.HairStrands.Visibility.MSAA.SamplePerPixel:4]]
[2023.05.04-06.22.25:734][  0]LogInit: Selected Device Profile: [Windows]
[2023.05.04-06.22.25:734][  0]LogInit: Applying CVar settings loaded from the selected device profile: [Windows]
[2023.05.04-06.22.25:734][  0]LogHAL: Display: Platform has ~ 16 GB [16920629248 / 17179869184 / 16], which maps to Larger [LargestMinGB=32, LargerMinGB=12, DefaultMinGB=8, SmallerMinGB=6, SmallestMinGB=0)
[2023.05.04-06.22.25:734][  0]LogInit: Going up to parent DeviceProfile []
[2023.05.04-06.22.25:734][  0]LogConfig: Applying CVar settings from Section [ViewDistanceQuality@3] File [E:/Github Work/MomentaryWeakness_UE4/MomentartWeakUe4/Saved/Config/Windows/Scalability.ini]
[2023.05.04-06.22.25:734][  0]LogConfig: Setting CVar [[r.SkeletalMeshLODBias:0]]
[2023.05.04-06.22.25:734][  0]LogConfig: Setting CVar [[r.ViewDistanceScale:1.0]]
[2023.05.04-06.22.25:734][  0]LogConfig: Applying CVar settings from Section [AntiAliasingQuality@3] File [E:/Github Work/MomentaryWeakness_UE4/MomentartWeakUe4/Saved/Config/Windows/Scalability.ini]
[2023.05.04-06.22.25:734][  0]LogConfig: Setting CVar [[r.PostProcessAAQuality:4]]
[2023.05.04-06.22.25:734][  0]LogConfig: Applying CVar settings from Section [ShadowQuality@3] File [E:/Github Work/MomentaryWeakness_UE4/MomentartWeakUe4/Saved/Config/Windows/Scalability.ini]
[2023.05.04-06.22.25:734][  0]LogConfig: Setting CVar [[r.LightFunctionQuality:1]]
[2023.05.04-06.22.25:734][  0]LogConfig: Setting CVar [[r.ShadowQuality:5]]
[2023.05.04-06.22.25:734][  0]LogConfig: Setting CVar [[r.Shadow.CSM.MaxCascades:10]]
[2023.05.04-06.22.25:734][  0]LogConfig: Setting CVar [[r.Shadow.MaxResolution:2048]]
[2023.05.04-06.22.25:734][  0]LogConfig: Setting CVar [[r.Shadow.MaxCSMResolution:2048]]
[2023.05.04-06.22.25:734][  0]LogConfig: Setting CVar [[r.Shadow.RadiusThreshold:0.01]]
[2023.05.04-06.22.25:734][  0]LogConfig: Setting CVar [[r.Shadow.DistanceScale:1.0]]
[2023.05.04-06.22.25:734][  0]LogConfig: Setting CVar [[r.Shadow.CSM.TransitionScale:1.0]]
[2023.05.04-06.22.25:734][  0]LogConfig: Setting CVar [[r.Shadow.PreShadowResolutionFactor:1.0]]
[2023.05.04-06.22.25:734][  0]LogConfig: Setting CVar [[r.DistanceFieldShadowing:1]]
[2023.05.04-06.22.25:734][  0]LogConfig: Setting CVar [[r.DistanceFieldAO:1]]
[2023.05.04-06.22.25:734][  0]LogConfig: Setting CVar [[r.AOQuality:2]]
[2023.05.04-06.22.25:734][  0]LogConfig: Setting CVar [[r.VolumetricFog:1]]
[2023.05.04-06.22.25:734][  0]LogConfig: Setting CVar [[r.VolumetricFog.GridPixelSize:8]]
[2023.05.04-06.22.25:734][  0]LogConfig: Setting CVar [[r.VolumetricFog.GridSizeZ:128]]
[2023.05.04-06.22.25:734][  0]LogConfig: Setting CVar [[r.VolumetricFog.HistoryMissSupersampleCount:4]]
[2023.05.04-06.22.25:734][  0]LogConfig: Setting CVar [[r.LightMaxDrawDistanceScale:1]]
[2023.05.04-06.22.25:734][  0]LogConfig: Setting CVar [[r.CapsuleShadows:1]]
[2023.05.04-06.22.25:734][  0]LogConfig: Applying CVar settings from Section [PostProcessQuality@3] File [E:/Github Work/MomentaryWeakness_UE4/MomentartWeakUe4/Saved/Config/Windows/Scalability.ini]
[2023.05.04-06.22.25:734][  0]LogConfig: Setting CVar [[r.MotionBlurQuality:4]]
[2023.05.04-06.22.25:734][  0]LogConfig: Setting CVar [[r.AmbientOcclusionMipLevelFactor:0.4]]
[2023.05.04-06.22.25:734][  0]LogConfig: Setting CVar [[r.AmbientOcclusionMaxQuality:100]]
[2023.05.04-06.22.25:734][  0]LogConfig: Setting CVar [[r.AmbientOcclusionLevels:-1]]
[2023.05.04-06.22.25:734][  0]LogConfig: Setting CVar [[r.AmbientOcclusionRadiusScale:1.0]]
[2023.05.04-06.22.25:734][  0]LogConfig: Setting CVar [[r.DepthOfFieldQuality:2]]
[2023.05.04-06.22.25:734][  0]LogConfig: Setting CVar [[r.RenderTargetPoolMin:400]]
[2023.05.04-06.22.25:734][  0]LogConfig: Setting CVar [[r.LensFlareQuality:2]]
[2023.05.04-06.22.25:734][  0]LogConfig: Setting CVar [[r.SceneColorFringeQuality:1]]
[2023.05.04-06.22.25:734][  0]LogConfig: Setting CVar [[r.EyeAdaptationQuality:2]]
[2023.05.04-06.22.25:734][  0]LogConfig: Setting CVar [[r.BloomQuality:5]]
[2023.05.04-06.22.25:734][  0]LogConfig: Setting CVar [[r.FastBlurThreshold:100]]
[2023.05.04-06.22.25:734][  0]LogConfig: Setting CVar [[r.Upscale.Quality:3]]
[2023.05.04-06.22.25:735][  0]LogConfig: Setting CVar [[r.Tonemapper.GrainQuantization:1]]
[2023.05.04-06.22.25:735][  0]LogConfig: Setting CVar [[r.LightShaftQuality:1]]
[2023.05.04-06.22.25:735][  0]LogConfig: Setting CVar [[r.Filter.SizeScale:1]]
[2023.05.04-06.22.25:735][  0]LogConfig: Setting CVar [[r.Tonemapper.Quality:5]]
[2023.05.04-06.22.25:735][  0]LogConfig: Setting CVar [[r.DOF.Gather.AccumulatorQuality:1        ; higher gathering accumulator quality]]
[2023.05.04-06.22.25:735][  0]LogConfig: Setting CVar [[r.DOF.Gather.PostfilterMethod:1          ; Median3x3 postfilering method]]
[2023.05.04-06.22.25:735][  0]LogConfig: Setting CVar [[r.DOF.Gather.EnableBokehSettings:0       ; no bokeh simulation when gathering]]
[2023.05.04-06.22.25:735][  0]LogConfig: Setting CVar [[r.DOF.Gather.RingCount:4                 ; medium number of samples when gathering]]
[2023.05.04-06.22.25:735][  0]LogConfig: Setting CVar [[r.DOF.Scatter.ForegroundCompositing:1    ; additive foreground scattering]]
[2023.05.04-06.22.25:735][  0]LogConfig: Setting CVar [[r.DOF.Scatter.BackgroundCompositing:2    ; additive background scattering]]
[2023.05.04-06.22.25:735][  0]LogConfig: Setting CVar [[r.DOF.Scatter.EnableBokehSettings:1      ; bokeh simulation when scattering]]
[2023.05.04-06.22.25:735][  0]LogConfig: Setting CVar [[r.DOF.Scatter.MaxSpriteRatio:0.1         ; only a maximum of 10% of scattered bokeh]]
[2023.05.04-06.22.25:735][  0]LogConfig: Setting CVar [[r.DOF.Recombine.Quality:1                ; cheap slight out of focus]]
[2023.05.04-06.22.25:735][  0]LogConfig: Setting CVar [[r.DOF.Recombine.EnableBokehSettings:0    ; no bokeh simulation on slight out of focus]]
[2023.05.04-06.22.25:735][  0]LogConfig: Setting CVar [[r.DOF.TemporalAAQuality:1                ; more stable temporal accumulation]]
[2023.05.04-06.22.25:735][  0]LogConfig: Setting CVar [[r.DOF.Kernel.MaxForegroundRadius:0.025]]
[2023.05.04-06.22.25:735][  0]LogConfig: Setting CVar [[r.DOF.Kernel.MaxBackgroundRadius:0.025]]
[2023.05.04-06.22.25:735][  0]LogConfig: Applying CVar settings from Section [TextureQuality@3] File [E:/Github Work/MomentaryWeakness_UE4/MomentartWeakUe4/Saved/Config/Windows/Scalability.ini]
[2023.05.04-06.22.25:735][  0]LogConfig: Setting CVar [[r.Streaming.MipBias:0]]
[2023.05.04-06.22.25:735][  0]LogConfig: Setting CVar [[r.Streaming.AmortizeCPUToGPUCopy:0]]
[2023.05.04-06.22.25:735][  0]LogConfig: Setting CVar [[r.Streaming.MaxNumTexturesToStreamPerFrame:0]]
[2023.05.04-06.22.25:735][  0]LogConfig: Setting CVar [[r.Streaming.Boost:1]]
[2023.05.04-06.22.25:735][  0]LogConfig: Setting CVar [[r.MaxAnisotropy:8]]
[2023.05.04-06.22.25:735][  0]LogConfig: Setting CVar [[r.VT.MaxAnisotropy:8]]
[2023.05.04-06.22.25:735][  0]LogConfig: Setting CVar [[r.Streaming.LimitPoolSizeToVRAM:0]]
[2023.05.04-06.22.25:735][  0]LogConfig: Setting CVar [[r.Streaming.PoolSize:1000]]
[2023.05.04-06.22.25:735][  0]LogConfig: Setting CVar [[r.Streaming.MaxEffectiveScreenSize:0]]
[2023.05.04-06.22.25:735][  0]LogConfig: Applying CVar settings from Section [EffectsQuality@3] File [E:/Github Work/MomentaryWeakness_UE4/MomentartWeakUe4/Saved/Config/Windows/Scalability.ini]
[2023.05.04-06.22.25:735][  0]LogConfig: Setting CVar [[r.TranslucencyLightingVolumeDim:64]]
[2023.05.04-06.22.25:735][  0]LogConfig: Setting CVar [[r.RefractionQuality:2]]
[2023.05.04-06.22.25:735][  0]LogConfig: Setting CVar [[r.SSR.Quality:3]]
[2023.05.04-06.22.25:735][  0]LogConfig: Setting CVar [[r.SSR.HalfResSceneColor:0]]
[2023.05.04-06.22.25:735][  0]LogConfig: Setting CVar [[r.SceneColorFormat:4]]
[2023.05.04-06.22.25:735][  0]LogConfig: Setting CVar [[r.DetailMode:2]]
[2023.05.04-06.22.25:735][  0]LogConfig: Setting CVar [[r.TranslucencyVolumeBlur:1]]
[2023.05.04-06.22.25:735][  0]LogConfig: Setting CVar [[r.MaterialQualityLevel:1 ; High quality]]
[2023.05.04-06.22.25:735][  0]LogConfig: Setting CVar [[r.AnisotropicMaterials:1]]
[2023.05.04-06.22.25:735][  0]LogConfig: Setting CVar [[r.SSS.Scale:1]]
[2023.05.04-06.22.25:735][  0]LogConfig: Setting CVar [[r.SSS.SampleSet:2]]
[2023.05.04-06.22.25:735][  0]LogConfig: Setting CVar [[r.SSS.Quality:1]]
[2023.05.04-06.22.25:735][  0]LogConfig: Setting CVar [[r.SSS.HalfRes:0]]
[2023.05.04-06.22.25:735][  0]LogConfig: Setting CVar [[r.SSGI.Quality:3]]
[2023.05.04-06.22.25:735][  0]LogConfig: Setting CVar [[r.EmitterSpawnRateScale:1.0]]
[2023.05.04-06.22.25:735][  0]LogConfig: Setting CVar [[r.ParticleLightQuality:2]]
[2023.05.04-06.22.25:735][  0]LogConfig: Setting CVar [[r.SkyAtmosphere.AerialPerspectiveLUT.FastApplyOnOpaque:1 ; Always have FastSkyLUT 1 in this case to avoid wrong sky]]
[2023.05.04-06.22.25:735][  0]LogConfig: Setting CVar [[r.SkyAtmosphere.AerialPerspectiveLUT.SampleCountMaxPerSlice:4]]
[2023.05.04-06.22.25:735][  0]LogConfig: Setting CVar [[r.SkyAtmosphere.AerialPerspectiveLUT.DepthResolution:16.0]]
[2023.05.04-06.22.25:735][  0]LogConfig: Setting CVar [[r.SkyAtmosphere.FastSkyLUT:1]]
[2023.05.04-06.22.25:735][  0]LogConfig: Setting CVar [[r.SkyAtmosphere.FastSkyLUT.SampleCountMin:4.0]]
[2023.05.04-06.22.25:736][  0]LogConfig: Setting CVar [[r.SkyAtmosphere.FastSkyLUT.SampleCountMax:128.0]]
[2023.05.04-06.22.25:736][  0]LogConfig: Setting CVar [[r.SkyAtmosphere.SampleCountMin:4.0]]
[2023.05.04-06.22.25:736][  0]LogConfig: Setting CVar [[r.SkyAtmosphere.SampleCountMax:128.0]]
[2023.05.04-06.22.25:736][  0]LogConfig: Setting CVar [[r.SkyAtmosphere.TransmittanceLUT.UseSmallFormat:0]]
[2023.05.04-06.22.25:736][  0]LogConfig: Setting CVar [[r.SkyAtmosphere.TransmittanceLUT.SampleCount:10.0]]
[2023.05.04-06.22.25:736][  0]LogConfig: Setting CVar [[r.SkyAtmosphere.MultiScatteringLUT.SampleCount:15.0]]
[2023.05.04-06.22.25:736][  0]LogConfig: Setting CVar [[r.SkyLight.RealTimeReflectionCapture:1]]
[2023.05.04-06.22.25:736][  0]LogConfig: Applying CVar settings from Section [FoliageQuality@3] File [E:/Github Work/MomentaryWeakness_UE4/MomentartWeakUe4/Saved/Config/Windows/Scalability.ini]
[2023.05.04-06.22.25:736][  0]LogConfig: Setting CVar [[foliage.DensityScale:1.0]]
[2023.05.04-06.22.25:736][  0]LogConfig: Setting CVar [[grass.DensityScale:1.0]]
[2023.05.04-06.22.25:736][  0]LogConfig: Applying CVar settings from Section [ShadingQuality@3] File [E:/Github Work/MomentaryWeakness_UE4/MomentartWeakUe4/Saved/Config/Windows/Scalability.ini]
[2023.05.04-06.22.25:736][  0]LogConfig: Setting CVar [[r.HairStrands.SkyLighting.IntegrationType:2]]
[2023.05.04-06.22.25:736][  0]LogConfig: Setting CVar [[r.HairStrands.SkyAO.SampleCount:4]]
[2023.05.04-06.22.25:736][  0]LogConfig: Setting CVar [[r.HairStrands.Visibility.MSAA.SamplePerPixel:4]]
[2023.05.04-06.22.25:736][  0]LogConfig: Applying CVar settings from Section [Startup] File [../../../Engine/Config/ConsoleVariables.ini]
[2023.05.04-06.22.25:736][  0]LogConfig: Setting CVar [[net.UseAdaptiveNetUpdateFrequency:0]]
[2023.05.04-06.22.25:736][  0]LogConfig: Setting CVar [[p.chaos.AllowCreatePhysxBodies:1]]
[2023.05.04-06.22.25:736][  0]LogConfig: Setting CVar [[fx.SkipVectorVMBackendOptimizations:1]]
[2023.05.04-06.22.25:737][  0]LogConfig: Applying CVar settings from Section [ConsoleVariables] File [E:/Github Work/MomentaryWeakness_UE4/MomentartWeakUe4/Saved/Config/Windows/Engine.ini]
[2023.05.04-06.22.25:737][  0]LogConfig: Applying CVar settings from Section [ConsoleVariables] File [E:/Github Work/MomentaryWeakness_UE4/MomentartWeakUe4/Saved/Config/Windows/Editor.ini]
[2023.05.04-06.22.25:737][  0]LogInit: Computer: DESKTOP-L6PPMNG
[2023.05.04-06.22.25:737][  0]LogInit: User: DanielGeorge
[2023.05.04-06.22.25:737][  0]LogInit: CPU Page size=4096, Cores=4
[2023.05.04-06.22.25:737][  0]LogInit: High frequency timer resolution =10.000000 MHz
[2023.05.04-06.22.25:737][  0]LogMemory: Memory total: Physical=15.8GB (16GB approx)
[2023.05.04-06.22.25:737][  0]LogMemory: Platform Memory Stats for Windows
[2023.05.04-06.22.25:737][  0]LogMemory: Process Physical Memory: 146.45 MB used, 149.72 MB peak
[2023.05.04-06.22.25:737][  0]LogMemory: Process Virtual Memory: 129.99 MB used, 129.99 MB peak
[2023.05.04-06.22.25:737][  0]LogMemory: Physical Memory: 9860.65 MB used,  6276.12 MB free, 16136.77 MB total
[2023.05.04-06.22.25:737][  0]LogMemory: Virtual Memory: 134202480.00 MB used,  15250.82 MB free, 134217728.00 MB total
[2023.05.04-06.22.25:742][  0]LogWindows: WindowsPlatformFeatures enabled
[2023.05.04-06.22.25:813][  0]LogInit: Physics initialised using underlying interface: PhysX
[2023.05.04-06.22.25:814][  0]LogInit: Using OS detected language (en-US).
[2023.05.04-06.22.25:814][  0]LogInit: Using OS detected locale (en-CA).
[2023.05.04-06.22.25:822][  0]LogTextLocalizationManager: No specific localization for 'en-US' exists, so the 'en' localization will be used.
[2023.05.04-06.22.26:278][  0]LogInit: Setting process to per monitor DPI aware
[2023.05.04-06.22.26:295][  0]LogWindowsTextInputMethodSystem: Display: IME system deactivated.
[2023.05.04-06.22.26:328][  0]LogSlate: New Slate User Created.  User Index 0, Is Virtual User: 0
[2023.05.04-06.22.26:329][  0]LogSlate: Slate User Registered.  User Index 0, Is Virtual User: 0
[2023.05.04-06.22.26:767][  0]LogD3D11RHI: Loaded GFSDK_Aftermath_Lib.x64.dll
[2023.05.04-06.22.26:812][  0]LogHMD: Optional extension XR_VARJO_quad_views is not available
[2023.05.04-06.22.26:812][  0]LogHMD: Warning: Required extension XR_EXT_eye_gaze_interaction is not available
[2023.05.04-06.22.26:812][  0]LogHMD: Could not enable all required OpenXR extensions for OpenXREyeTracker on current system. This plugin will be loaded but ignored, but will be enabled on a target platform that supports the required extension.
[2023.05.04-06.22.26:834][  0]LogHMD: Failed to create an OpenXR instance, result is XR_ERROR_RUNTIME_FAILURE. Please check if you have an OpenXR runtime installed. The following extensions were enabled:
[2023.05.04-06.22.26:834][  0]LogHMD: - XR_KHR_D3D11_enable
[2023.05.04-06.22.26:834][  0]LogHMD: - XR_KHR_D3D12_enable
[2023.05.04-06.22.26:834][  0]LogHMD: - XR_KHR_opengl_enable
[2023.05.04-06.22.26:834][  0]LogHMD: - XR_KHR_vulkan_enable
[2023.05.04-06.22.26:834][  0]LogHMD: - XR_KHR_composition_layer_depth
[2023.05.04-06.22.26:834][  0]LogHMD: - XR_KHR_visibility_mask
[2023.05.04-06.22.26:834][  0]LogHMD: - XR_EXT_hand_tracking
[2023.05.04-06.22.26:834][  0]LogD3D11RHI: D3D11 min allowed feature level: 11_0
[2023.05.04-06.22.26:834][  0]LogD3D11RHI: D3D11 max allowed feature level: 11_0
[2023.05.04-06.22.26:834][  0]LogD3D11RHI: D3D11 adapters:
[2023.05.04-06.22.27:024][  0]LogD3D11RHI:    0. 'NVIDIA GeForce GTX 1650' (Feature Level 11_0)
[2023.05.04-06.22.27:024][  0]LogD3D11RHI:       3949/0/8068 MB DedicatedVideo/DedicatedSystem/SharedSystem, Outputs:1, VendorId:0x10de
[2023.05.04-06.22.27:029][  0]LogD3D11RHI:    1. 'Microsoft Basic Render Driver' (Feature Level 11_0)
[2023.05.04-06.22.27:029][  0]LogD3D11RHI:       0/0/8068 MB DedicatedVideo/DedicatedSystem/SharedSystem, Outputs:0, VendorId:0x1414
[2023.05.04-06.22.27:159][  0]LogD3D11RHI:    2. 'NVIDIA GeForce GTX 1650' (Feature Level 11_0)
[2023.05.04-06.22.27:159][  0]LogD3D11RHI:       3949/0/8068 MB DedicatedVideo/DedicatedSystem/SharedSystem, Outputs:0, VendorId:0x10de
[2023.05.04-06.22.27:159][  0]LogD3D11RHI: Chosen D3D11 Adapter:
[2023.05.04-06.22.27:159][  0]LogD3D11RHI:     Description : NVIDIA GeForce GTX 1650
[2023.05.04-06.22.27:159][  0]LogD3D11RHI:     VendorId    : 10de
[2023.05.04-06.22.27:159][  0]LogD3D11RHI:     DeviceId    : 1f82
[2023.05.04-06.22.27:159][  0]LogD3D11RHI:     SubSysId    : 155619da
[2023.05.04-06.22.27:159][  0]LogD3D11RHI:     Revision    : 00a1
[2023.05.04-06.22.27:159][  0]LogD3D11RHI:     DedicatedVideoMemory : 4140826624 bytes
[2023.05.04-06.22.27:159][  0]LogD3D11RHI:     DedicatedSystemMemory : 0 bytes
[2023.05.04-06.22.27:159][  0]LogD3D11RHI:     SharedSystemMemory : 8460314624 bytes
[2023.05.04-06.22.27:159][  0]LogD3D11RHI:     AdapterLuid : 0 69752
[2023.05.04-06.22.27:168][  0]LogD3D11RHI: Creating new Direct3DDevice
[2023.05.04-06.22.27:168][  0]LogD3D11RHI:     GPU DeviceId: 0x1f82 (for the marketing name, search the web for "GPU Device Id")
[2023.05.04-06.22.27:168][  0]LogWindows: EnumDisplayDevices:
[2023.05.04-06.22.27:168][  0]LogWindows:    0. 'NVIDIA GeForce GTX 1650' (P:1 D:1)
[2023.05.04-06.22.27:169][  0]LogWindows:    1. 'NVIDIA GeForce GTX 1650' (P:0 D:0)
[2023.05.04-06.22.27:169][  0]LogWindows:    2. 'NVIDIA GeForce GTX 1650' (P:0 D:0)
[2023.05.04-06.22.27:169][  0]LogWindows:    3. 'NVIDIA GeForce GTX 1650' (P:0 D:0)
[2023.05.04-06.22.27:170][  0]LogWindows:    4. 'Parsec Virtual Display Adapter' (P:0 D:0)
[2023.05.04-06.22.27:170][  0]LogWindows:    5. 'Parsec Virtual Display Adapter' (P:0 D:0)
[2023.05.04-06.22.27:170][  0]LogWindows:    6. 'Parsec Virtual Display Adapter' (P:0 D:0)
[2023.05.04-06.22.27:170][  0]LogWindows:    7. 'Parsec Virtual Display Adapter' (P:0 D:0)
[2023.05.04-06.22.27:171][  0]LogWindows:    8. 'Parsec Virtual Display Adapter' (P:0 D:0)
[2023.05.04-06.22.27:171][  0]LogWindows:    9. 'Parsec Virtual Display Adapter' (P:0 D:0)
[2023.05.04-06.22.27:171][  0]LogWindows:    10. 'Parsec Virtual Display Adapter' (P:0 D:0)
[2023.05.04-06.22.27:172][  0]LogWindows:    11. 'Parsec Virtual Display Adapter' (P:0 D:0)
[2023.05.04-06.22.27:172][  0]LogWindows:    12. 'Parsec Virtual Display Adapter' (P:0 D:0)
[2023.05.04-06.22.27:172][  0]LogWindows:    13. 'Parsec Virtual Display Adapter' (P:0 D:0)
[2023.05.04-06.22.27:172][  0]LogWindows:    14. 'Parsec Virtual Display Adapter' (P:0 D:0)
[2023.05.04-06.22.27:173][  0]LogWindows:    15. 'Parsec Virtual Display Adapter' (P:0 D:0)
[2023.05.04-06.22.27:173][  0]LogWindows:    16. 'Parsec Virtual Display Adapter' (P:0 D:0)
[2023.05.04-06.22.27:173][  0]LogWindows:    17. 'Parsec Virtual Display Adapter' (P:0 D:0)
[2023.05.04-06.22.27:173][  0]LogWindows:    18. 'Parsec Virtual Display Adapter' (P:0 D:0)
[2023.05.04-06.22.27:173][  0]LogWindows:    19. 'Parsec Virtual Display Adapter' (P:0 D:0)
[2023.05.04-06.22.27:174][  0]LogWindows: DebugString: GetVideoDriverDetailsInvalid PrimaryIsNotTheChoosenAdapter GetVideoDriverDetailsInvalid PrimaryIsNotTheChoosenAdapter GetVideoDriverDetailsInvalid PrimaryIsNotTheChoosenAdapter GetVideoDriverDetailsInvalid PrimaryIsNotTheChoosenAdapter GetVideoDriverDetailsInvalid PrimaryIsNotTheChoosenAdapter GetVideoDriverDetailsInvalid PrimaryIsNotTheChoosenAdapter GetVideoDriverDetailsInvalid PrimaryIsNotTheChoosenAdapter GetVideoDriverDetailsInvalid PrimaryIsNotTheChoosenAdapter GetVideoDriverDetailsInvalid PrimaryIsNotTheChoosenAdapter GetVideoDriverDetailsInvalid PrimaryIsNotTheChoosenAdapter GetVideoDriverDetailsInvalid PrimaryIsNotTheChoosenAdapter GetVideoDriverDetailsInvalid PrimaryIsNotTheChoosenAdapter GetVideoDriverDetailsInvalid PrimaryIsNotTheChoosenAdapter GetVideoDriverDetailsInvalid PrimaryIsNotTheChoosenAdapter GetVideoDriverDetailsInvalid PrimaryIsNotTheChoosenAdapter GetVideoDriverDetailsInvalid PrimaryIsNotTheChoosenAdapter FoundDriverCount:4 
[2023.05.04-06.22.27:174][  0]LogD3D11RHI:     Adapter Name: NVIDIA GeForce GTX 1650
[2023.05.04-06.22.27:174][  0]LogD3D11RHI:   Driver Version: 531.68 (internal:31.0.15.3168, unified:531.68)
[2023.05.04-06.22.27:174][  0]LogD3D11RHI:      Driver Date: 4-13-2023
[2023.05.04-06.22.27:174][  0]LogRHI: Texture pool is 2764 MB (70% of 3949 MB)
[2023.05.04-06.22.27:174][  0]LogD3D11RHI: Creating D3DDevice using adapter:
[2023.05.04-06.22.27:174][  0]LogD3D11RHI:     Description : NVIDIA GeForce GTX 1650
[2023.05.04-06.22.27:174][  0]LogD3D11RHI:     VendorId    : 10de
[2023.05.04-06.22.27:174][  0]LogD3D11RHI:     DeviceId    : 1f82
[2023.05.04-06.22.27:174][  0]LogD3D11RHI:     SubSysId    : 155619da
[2023.05.04-06.22.27:174][  0]LogD3D11RHI:     Revision    : 00a1
[2023.05.04-06.22.27:174][  0]LogD3D11RHI:     DedicatedVideoMemory : 4140826624 bytes
[2023.05.04-06.22.27:174][  0]LogD3D11RHI:     DedicatedSystemMemory : 0 bytes
[2023.05.04-06.22.27:174][  0]LogD3D11RHI:     SharedSystemMemory : 8460314624 bytes
[2023.05.04-06.22.27:174][  0]LogD3D11RHI:     AdapterLuid : 0 69752
[2023.05.04-06.22.27:287][  0]LogD3D11RHI: RHI has support for 64 bit atomics
[2023.05.04-06.22.27:287][  0]LogD3D11RHI: Async texture creation enabled
[2023.05.04-06.22.27:287][  0]LogD3D11RHI: Array index from any shader is supported
[2023.05.04-06.22.27:328][  0]LogD3D11RHI: GPU Timing Frequency: 1000.000000 (Debug: 2 1)
[2023.05.04-06.22.27:365][  0]LogRHI: GeForceNow SDK initialized: 1
[2023.05.04-06.22.27:990][  0]LogTargetPlatformManager: Display: Loaded TargetPlatform 'AllDesktop'
[2023.05.04-06.22.28:031][  0]LogTargetPlatformManager: Display: Loaded TargetPlatform 'Android'
[2023.05.04-06.22.28:031][  0]LogTargetPlatformManager: Display: Loaded TargetPlatform 'Android_ASTC'
[2023.05.04-06.22.28:031][  0]LogTargetPlatformManager: Display: Loaded TargetPlatform 'Android_DXT'
[2023.05.04-06.22.28:031][  0]LogTargetPlatformManager: Display: Loaded TargetPlatform 'Android_ETC2'
[2023.05.04-06.22.28:031][  0]LogTargetPlatformManager: Display: Loaded TargetPlatform 'AndroidClient'
[2023.05.04-06.22.28:031][  0]LogTargetPlatformManager: Display: Loaded TargetPlatform 'Android_ASTCClient'
[2023.05.04-06.22.28:031][  0]LogTargetPlatformManager: Display: Loaded TargetPlatform 'Android_DXTClient'
[2023.05.04-06.22.28:031][  0]LogTargetPlatformManager: Display: Loaded TargetPlatform 'Android_ETC2Client'
[2023.05.04-06.22.28:031][  0]LogTargetPlatformManager: Display: Loaded TargetPlatform 'Android_Multi'
[2023.05.04-06.22.28:031][  0]LogTargetPlatformManager: Display: Loaded TargetPlatform 'Android_MultiClient'
[2023.05.04-06.22.28:064][  0]LogTargetPlatformManager: Display: Loaded TargetPlatform 'IOSClient'
[2023.05.04-06.22.28:064][  0]LogTargetPlatformManager: Display: Loaded TargetPlatform 'IOS'
[2023.05.04-06.22.28:082][  0]LogTargetPlatformManager: Display: Loaded TargetPlatform 'Linux'
[2023.05.04-06.22.28:091][  0]LogTargetPlatformManager: Display: Loaded TargetPlatform 'LinuxNoEditor'
[2023.05.04-06.22.28:100][  0]LogTargetPlatformManager: Display: Loaded TargetPlatform 'LinuxClient'
[2023.05.04-06.22.28:109][  0]LogTargetPlatformManager: Display: Loaded TargetPlatform 'LinuxServer'
[2023.05.04-06.22.28:125][  0]LogTargetPlatformManager: Display: Loaded TargetPlatform 'LinuxAArch64NoEditor'
[2023.05.04-06.22.28:133][  0]LogTargetPlatformManager: Display: Loaded TargetPlatform 'LinuxAArch64Client'
[2023.05.04-06.22.28:142][  0]LogTargetPlatformManager: Display: Loaded TargetPlatform 'LinuxAArch64Server'
[2023.05.04-06.22.28:205][  0]LogTargetPlatformManager: Display: Loaded TargetPlatform 'Lumin'
[2023.05.04-06.22.28:205][  0]LogTargetPlatformManager: Display: Loaded TargetPlatform 'LuminClient'
[2023.05.04-06.22.28:219][  0]LogTargetPlatformManager: Display: Loaded TargetPlatform 'MacNoEditor'
[2023.05.04-06.22.28:224][  0]LogTargetPlatformManager: Display: Loaded TargetPlatform 'Mac'
[2023.05.04-06.22.28:232][  0]LogTargetPlatformManager: Display: Loaded TargetPlatform 'MacClient'
[2023.05.04-06.22.28:237][  0]LogTargetPlatformManager: Display: Loaded TargetPlatform 'MacServer'
[2023.05.04-06.22.28:253][  0]LogTargetPlatformManager: Display: Loaded TargetPlatform 'TVOSClient'
[2023.05.04-06.22.28:253][  0]LogTargetPlatformManager: Display: Loaded TargetPlatform 'TVOS'
[2023.05.04-06.22.28:269][  0]LogTargetPlatformManager: Display: Loaded TargetPlatform 'WindowsNoEditor'
[2023.05.04-06.22.28:275][  0]LogTargetPlatformManager: Display: Loaded TargetPlatform 'Windows'
[2023.05.04-06.22.28:282][  0]LogTargetPlatformManager: Display: Loaded TargetPlatform 'WindowsClient'
[2023.05.04-06.22.28:290][  0]LogTargetPlatformManager: Display: Loaded TargetPlatform 'WindowsServer'
[2023.05.04-06.22.28:290][  0]LogTargetPlatformManager: Display: Building Assets For Windows
[2023.05.04-06.22.28:300][  0]LogAudioDebug: Display: Lib vorbis DLL was dynamically loaded.
[2023.05.04-06.22.28:361][  0]LogTextureFormatOodle: Display: Oodle Texture 2.9.0 init RDO Off
[2023.05.04-06.22.28:408][  0]LogRendererCore: Ray tracing is disabled. Reason: r.RayTracing=0.
[2023.05.04-06.22.28:408][  0]LogShaderCompilers: Guid format shader working directory is -12 characters bigger than the processId version (../../../../../Github Work/MomentaryWeakness_UE4/MomentartWeakUe4/Intermediate/Shaders/WorkingDirectory/10860/).
[2023.05.04-06.22.28:408][  0]LogShaderCompilers: Cleaned the shader compiler working directory 'C:/Users/Daniel George/AppData/Local/Temp/UnrealShaderWorkingDir/0AD9C09343B1EC9C68C0E7A8A468F34F/'.
[2023.05.04-06.22.28:408][  0]LogXGEController: Cannot use XGE Controller as Incredibuild is not installed on this machine.
[2023.05.04-06.22.28:408][  0]LogShaderCompilers: Cannot use XGE Shader Compiler as Incredibuild is not installed on this machine.
[2023.05.04-06.22.28:408][  0]LogShaderCompilers: Display: Using Local Shader Compiler.
[2023.05.04-06.22.29:529][  0]LogDerivedDataCache: Display: Max Cache Size: 512 MB
[2023.05.04-06.22.29:626][  0]LogDerivedDataCache: Loaded boot cache 0.10s 94MB C:/Users/Daniel George/AppData/Local/UnrealEngine/4.27/DerivedDataCache/Boot.ddc.
[2023.05.04-06.22.29:626][  0]LogDerivedDataCache: Display: Loaded Boot cache: C:/Users/Daniel George/AppData/Local/UnrealEngine/4.27/DerivedDataCache/Boot.ddc
[2023.05.04-06.22.29:626][  0]LogDerivedDataCache: FDerivedDataBackendGraph:  Pak pak cache file ../../../../../Github Work/MomentaryWeakness_UE4/MomentartWeakUe4/DerivedDataCache/DDC.ddp not found, will not use a pak cache.
[2023.05.04-06.22.29:626][  0]LogDerivedDataCache: Unable to find inner node Pak for hierarchical cache Hierarchy.
[2023.05.04-06.22.29:626][  0]LogDerivedDataCache: FDerivedDataBackendGraph:  CompressedPak pak cache file ../../../../../Github Work/MomentaryWeakness_UE4/MomentartWeakUe4/DerivedDataCache/Compressed.ddp not found, will not use a pak cache.
[2023.05.04-06.22.29:626][  0]LogDerivedDataCache: Unable to find inner node CompressedPak for hierarchical cache Hierarchy.
[2023.05.04-06.22.29:647][  0]LogDerivedDataCache: Display: Pak cache opened for reading ../../../Engine/DerivedDataCache/Compressed.ddp.
[2023.05.04-06.22.29:648][  0]LogDerivedDataCache: FDerivedDataBackendGraph:  EnterprisePak pak cache file ../../../Enterprise/DerivedDataCache/Compressed.ddp not found, will not use a pak cache.
[2023.05.04-06.22.29:648][  0]LogDerivedDataCache: Unable to find inner node EnterprisePak for hierarchical cache Hierarchy.
[2023.05.04-06.22.29:661][  0]LogDerivedDataCache: Speed tests for C:/Users/Daniel George/AppData/Local/UnrealEngine/Common/DerivedDataCache took 0.01 seconds
[2023.05.04-06.22.29:661][  0]LogDerivedDataCache: Display: Performance to C:/Users/Daniel George/AppData/Local/UnrealEngine/Common/DerivedDataCache: Latency=0.08ms. RandomReadSpeed=562.36MBs, RandomWriteSpeed=90.94MBs. Assigned SpeedClass 'Local'
[2023.05.04-06.22.29:674][  0]LogDerivedDataCache: Using Local data cache path C:/Users/Daniel George/AppData/Local/UnrealEngine/Common/DerivedDataCache: Writable
[2023.05.04-06.22.29:674][  0]LogDerivedDataCache: Shared data cache path not found in *engine.ini, will not use an Shared cache.
[2023.05.04-06.22.29:674][  0]LogDerivedDataCache: Unable to find inner node Shared for hierarchical cache Hierarchy.
[2023.05.04-06.22.29:748][  0]LogSlate: Using FreeType 2.10.0
[2023.05.04-06.22.29:749][  0]LogSlate: SlateFontServices - WITH_FREETYPE: 1, WITH_HARFBUZZ: 1
[2023.05.04-06.22.29:785][  0]LogHMD: Optional extension XR_VARJO_quad_views is not available
[2023.05.04-06.22.29:786][  0]LogHMD: Warning: Required extension XR_EXT_eye_gaze_interaction is not available
[2023.05.04-06.22.29:786][  0]LogHMD: Could not enable all required OpenXR extensions for OpenXREyeTracker on current system. This plugin will be loaded but ignored, but will be enabled on a target platform that supports the required extension.
[2023.05.04-06.22.29:810][  0]LogHMD: Failed to create an OpenXR instance, result is XR_ERROR_RUNTIME_FAILURE. Please check if you have an OpenXR runtime installed. The following extensions were enabled:
[2023.05.04-06.22.29:810][  0]LogHMD: - XR_KHR_D3D11_enable
[2023.05.04-06.22.29:810][  0]LogHMD: - XR_KHR_D3D12_enable
[2023.05.04-06.22.29:810][  0]LogHMD: - XR_KHR_opengl_enable
[2023.05.04-06.22.29:810][  0]LogHMD: - XR_KHR_vulkan_enable
[2023.05.04-06.22.29:810][  0]LogHMD: - XR_KHR_composition_layer_depth
[2023.05.04-06.22.29:810][  0]LogHMD: - XR_KHR_visibility_mask
[2023.05.04-06.22.29:810][  0]LogHMD: - XR_EXT_hand_tracking
[2023.05.04-06.22.29:861][  0]LogAssetRegistry: FAssetRegistry took 0.0053 seconds to start up
[2023.05.04-06.22.30:244][  0]LogInit: Selected Device Profile: [Windows]
[2023.05.04-06.22.30:244][  0]LogInit: Active device profile: [000002720F7EC700][000002720DBBB6C0 49] Windows
[2023.05.04-06.22.30:245][  0]LogInit: Profiles: [000002720F7EC700][000002720DBBB6C0 49] Windows, [000002720F7B3700][000002720EFC9840 49] WindowsNoEditor, [000002720F7EF300][000002720EFCD9C0 49] WindowsServer, [000002720F7B0F00][000002720D7EBB40 49] WindowsClient, [000002720F7EF500][000002720D7EE140 49] IOS, [000002720F787F00][000002720D7F22C0 49] iPadAir, [000002720F7B3B00][000002720D7F6440 49] iPadAir2, [000002720F744500][000002720203C700 49] IPadPro, [000002720F744600][0000027202038740 49] iPadAir3, [000002720F784100][00000272020408C0 49] iPadAir4, [000002720F746C00][000002720EFC4A00 49] iPadMini2, [000002720F786500][0000027202044B40 49] iPadMini3, [000002720F747400][0000027202048C80 49] iPadMini4, [000002720F784F00][000002720204CDC0 49] iPadMini5, [000002720F69FE00][0000027202059080 49] iPhone6, [000002720F69FF00][00000272020550C0 49] iPodTouch6, [000002720F7EF900][000002720D985380 49] iPhone7, [000002720F7EE100][000002720D9813C0 49] iPodTouch7, [000002720F69C400][000002720D98D540 49] iPhone5S, [000002720F747D00][00000272085956C0 49] iPhone6Plus, [000002720F7EF400][0000027208599840 49] iPhone6S, [000002720F746000][000002720D9B19C0 49] iPhone6SPlus, [000002720F7EC900][0000027208447B40 49] iPhone7Plus, [000002720F744E00][000002720844A140 49] iPhoneSE, [000002720F7EF100][000002720844E2C0 49] iPhone8, [000002720F746400][0000027208452440 49] iPhone8Plus, [000002720F7EFA00][000002720845A5C0 49] iPhoneX, [000002720F747E00][0000027208462740 49] iPhoneXS, [000002720F7ED500][00000272084728C0 49] iPhoneXSMax, [000002720F746500][0000027208476A40 49] iPhoneXR, [000002720F7EEA00][0000027202050B80 49] iPhone11, [000002720F747A00][000002720847ACC0 49] iPhone11Pro, [000002720F7ECF00][000002720847EE00 49] iPhone11ProMax, [000002720F746300][00000272100BEF40 49] iPhoneSE2, [000002720F7ED700][00000272103C90C0 49] iPhone12Mini, [000002720F744700][00000272103D7240 49] iPhone12, [000002720F7EC300][00000272103DB3C0 49] iPhone12Pro, [000002720F747500][000002720EC0B540 49] iPhone12ProMax, [000002720F7ECB00][000002720EC0F6C0 49] iPadPro105, [000002720F745B00][000002720EC13840 49] iPadPro129, [000002720F7EC200][000002720EC179C0 49] iPadPro97, [000002720F746100][000002720EC1BB40 49] iPadPro2_129, [000002720F7ECD00][000002720EC1E140 49] iPad5, [000002720F747000][000002720EC222C0 49] iPad6, [000002720F7EEC00][000002720EC26440 49] iPad7, [000002720F746E00][000002720DB885C0 49] iPad8, [000002720F7ED900][000002720DB8C740 49] iPadPro11, [000002720F747F00][00000272085748C0 49] iPadPro2_11, [000002720F7ED600][0000027208578A40 49] iPadPro3_129, [000002720F746700][000002720857CBC0 49] iPadPro4_129, [000002720F7EE600][000002720858CD40 49] AppleTV, [000002720F746B00][000002720D8FAE80 49] AppleTV4K, [000002720F7EDB00][00000272083E0FC0 49] TVOS, [000002720F744900][00000272083E5100 49] Mac, [000002720F7EE700][00000272083ED280 49] MacClient, [000002720F746F00][00000272083F1400 49] MacNoEditor, [000002720F7EFB00][0000027208401580 49] MacServer, [000002720F744400][00000272101D5700 49] Linux, [000002720F7EEE00][00000272102F3880 49] LinuxAArch64, [000002720F745500][0000027210301A00 49] LinuxNoEditor, [000002720F7EEB00][0000027210305B80 49] LinuxAArch64NoEditor, [000002720F747600][0000027210308180 49] LinuxClient, [000002720F7EED00][000002721030C300 49] LinuxAArch64Client, [000002720F744B00][0000027210310480 49] LinuxServer, [000002720F7EC400][000002721032C600 49] LinuxAArch64Server, [000002720F747C00][0000027210330780 49] Android, [000002720F787A00][0000027210334900 49] Android_Low, [000002720F69DB00][0000027210338A80 49] Android_Mid, [000002720F787000][000002721033CC00 49] Android_High, [000002720F69E300][0000027210340D80 49] Android_Default, [000002720F786000][0000027208370F00 49] Android_Adreno4xx, [000002720F69C100][00000272083E9040 49] Android_Adreno5xx_Low, [000002720F784B00][0000027208375180 49] Android_Adreno5xx, [000002720F69D800][00000272083792C0 49] Android_Adreno6xx, [000002720F785100][0000027208381440 49] Android_Adreno6xx_Vulkan, [000002720F69C800][00000272083855C0 49] Android_Mali_T6xx, [000002720F787600][000002720839D740 49] Android_Mali_T7xx, [000002720F69CD00][00000272083A18C0 49] Android_Mali_T8xx, [000002720F787C00][00000272083ADA40 49] Android_Mali_G71, [000002720F69D500][00000272083B1BC0 49] Android_Mali_G72, [000002720F787E00][00000272083B81C0 49] Android_Mali_G72_Vulkan, [000002720F69FD00][00000272083BC340 49] Android_Mali_G76, [000002720F787900][00000272083C04C0 49] Android_Mali_G76_Vulkan, [000002720F69F600][00000272083C4640 49] Android_Mali_G77, [000002720F786200][00000272083C87C0 49] Android_Mali_G77_Vulkan, [000002720F69F800][00000272083CC940 49] Android_Mali_G78, [000002720F784A00][00000272083D0AC0 49] Android_Mali_G78_Vulkan, [000002720F69F400][000002721037EC40 49] Android_Mali_G710, [000002720F785400][00000272083B4DC0 49] Android_Mali_G710_Vulkan, [000002720F69C600][0000027210398F40 49] Android_Vulkan_SM5, [000002720F786400][000002721039D0C0 49] Android_PowerVR_G6xxx, [000002720F69CE00][000002720837D200 49] Android_PowerVR_GT7xxx, [000002720F784200][00000272103A1340 49] Android_PowerVR_GE8xxx, [000002720F69C700][0000027208591480 49] Android_PowerVR_GM9xxx, [000002720F786100][00000272100B75C0 49] Android_PowerVR_GM9xxx_Vulkan, [000002720F746600][00000272103A5740 49] Android_TegraK1, [000002720F786A00][000002720D8CB8C0 49] Android_Unknown_Vulkan, [000002720F745400][000002720D8CFA40 49] Lumin, [000002720F785300][000002720D8D3BC0 49] Lumin_Desktop, [000002720F744C00][000002720D8D61C0 49] HoloLens, 
[2023.05.04-06.22.30:466][  0]LogMeshReduction: Using QuadricMeshReduction for automatic static mesh reduction
[2023.05.04-06.22.30:467][  0]LogMeshReduction: Using SimplygonMeshReduction for automatic skeletal mesh reduction
[2023.05.04-06.22.30:467][  0]LogMeshReduction: Using ProxyLODMeshReduction for automatic mesh merging
[2023.05.04-06.22.30:467][  0]LogMeshReduction: No distributed automatic mesh merging module available
[2023.05.04-06.22.30:467][  0]LogMeshMerging: No distributed automatic mesh merging module available
[2023.05.04-06.22.30:513][  0]LogNetVersion: MomentartWeakUe4 1.0.0, NetCL: 17155196, EngineNetVer: 17, GameNetVer: 0 (Checksum: 3878932472)
[2023.05.04-06.22.31:276][  0]LogTexture: Default maximum texture size for cubemaps generated from long-lat sources has been changed from 512 to unlimited. In order to preserve old behaiour for '/Engine/MapTemplates/Sky/DaylightAmbientCubemap.DaylightAmbientCubemap', its maximum texture size has been explicitly set to 512.
[2023.05.04-06.22.31:369][  0]LogHMD: PokeAHoleMaterial loaded successfully
[2023.05.04-06.22.31:380][  0]LogUObjectArray: 17075 objects as part of root set at end of initial load.
[2023.05.04-06.22.31:380][  0]LogUObjectAllocator: 4275792 out of 0 bytes used by permanent object pool.
[2023.05.04-06.22.31:380][  0]LogUObjectArray: CloseDisregardForGC: 0/0 objects in disregard for GC pool
[2023.05.04-06.22.31:795][  0]LogPython: Using Python 3.7.7
[2023.05.04-06.22.32:628][  0]LogNiagaraDebuggerClient: Niagara Debugger Client Initialized | Session: 75FFB74E4402697E2656C78FF40256AF | Instance: 687BF45045D516A62C9BBC83C3163C36 (DESKTOP-L6PPMNG-10860).
[2023.05.04-06.22.32:839][  0]LogUdpMessaging: Initializing bridge on interface 0.0.0.0:0 to multicast group 230.0.0.1:6666.
[2023.05.04-06.22.32:848][  0]LogTcpMessaging: Initializing TcpMessaging bridge
[2023.05.04-06.22.33:189][  0]SourceControl: Source control is disabled
[2023.05.04-06.22.33:189][  0]SourceControl: Source control is disabled
[2023.05.04-06.22.33:192][  0]SourceControl: Source control is disabled
[2023.05.04-06.22.33:195][  0]SourceControl: Source control is disabled
[2023.05.04-06.22.33:208][  0]SourceControl: Source control is disabled
[2023.05.04-06.22.33:217][  0]LogUProjectInfo: Found projects:
[2023.05.04-06.22.33:411][  0]LogOpenImageDenoise: OIDN starting up
[2023.05.04-06.22.33:490][  0]LogAndroidPermission: UAndroidPermissionCallbackProxy::GetInstance
[2023.05.04-06.22.33:515][  0]LogAudioCaptureCore: Display: No Audio Capture implementations found. Audio input will be silent.
[2023.05.04-06.22.33:515][  0]LogAudioCaptureCore: Display: No Audio Capture implementations found. Audio input will be silent.
[2023.05.04-06.22.33:724][  0]LogCollectionManager: Loaded 0 collections in 0.000852 seconds
[2023.05.04-06.22.33:761][  0]LogFileCache: Scanning file cache for directory 'E:/Github Work/MomentaryWeakness_UE4/MomentartWeakUe4/Saved/Collections/' took 0.00s
[2023.05.04-06.22.33:761][  0]LogFileCache: Scanning file cache for directory 'E:/Github Work/MomentaryWeakness_UE4/MomentartWeakUe4/Content/Developers/DanielGeorge/Collections/' took 0.00s
[2023.05.04-06.22.33:761][  0]LogFileCache: Scanning file cache for directory 'E:/Github Work/MomentaryWeakness_UE4/MomentartWeakUe4/Content/Collections/' took 0.00s
[2023.05.04-06.22.33:761][  0]LogOcInput: OculusInput pre-init called
[2023.05.04-06.22.34:218][  0]LogEngine: Initializing Engine...
[2023.05.04-06.22.34:248][  0]LogHMD: Optional extension XR_VARJO_quad_views is not available
[2023.05.04-06.22.34:248][  0]LogHMD: Warning: Required extension XR_EXT_eye_gaze_interaction is not available
[2023.05.04-06.22.34:248][  0]LogHMD: Could not enable all required OpenXR extensions for OpenXREyeTracker on current system. This plugin will be loaded but ignored, but will be enabled on a target platform that supports the required extension.
[2023.05.04-06.22.34:271][  0]LogHMD: Failed to create an OpenXR instance, result is XR_ERROR_RUNTIME_FAILURE. Please check if you have an OpenXR runtime installed. The following extensions were enabled:
[2023.05.04-06.22.34:272][  0]LogHMD: - XR_KHR_D3D11_enable
[2023.05.04-06.22.34:272][  0]LogHMD: - XR_KHR_D3D12_enable
[2023.05.04-06.22.34:272][  0]LogHMD: - XR_KHR_opengl_enable
[2023.05.04-06.22.34:272][  0]LogHMD: - XR_KHR_vulkan_enable
[2023.05.04-06.22.34:272][  0]LogHMD: - XR_KHR_composition_layer_depth
[2023.05.04-06.22.34:272][  0]LogHMD: - XR_KHR_visibility_mask
[2023.05.04-06.22.34:272][  0]LogHMD: - XR_EXT_hand_tracking
[2023.05.04-06.22.34:272][  0]LogMagicLeap: Warning: VR disabled because ZI is not enabled.  To enable, in the editor, Edit -> Project Settings -> Plugins -> Magic Leap Plugin -> Enable Zero Iteration
[2023.05.04-06.22.34:274][  0]LogStats: UGameplayTagsManager::InitializeManager -  0.000 s
[2023.05.04-06.22.34:485][  0]LogInit: Initializing FReadOnlyCVARCache
[2023.05.04-06.22.34:502][  0]LogAIModule: Creating AISystem for world Untitled
[2023.05.04-06.22.34:515][  0]LogAudio: Display: Initializing Audio Device Manager...
[2023.05.04-06.22.34:520][  0]LogAudio: Display: Loading Default Audio Settings Objects...
[2023.05.04-06.22.34:522][  0]LogAudio: Display: No default SoundConcurrencyObject specified (or failed to load).
[2023.05.04-06.22.34:523][  0]LogAudio: Display: Audio Device Manager Initialized
[2023.05.04-06.22.34:523][  0]LogAudio: Display: Creating Audio Device:                 Id: 1, Scope: Shared, Realtime: True
[2023.05.04-06.22.34:523][  0]LogAudioMixer: Display: Audio Mixer Platform Settings:
[2023.05.04-06.22.34:523][  0]LogAudioMixer: Display: 	Sample Rate:						  48000
[2023.05.04-06.22.34:523][  0]LogAudioMixer: Display: 	Callback Buffer Frame Size Requested: 1024
[2023.05.04-06.22.34:523][  0]LogAudioMixer: Display: 	Callback Buffer Frame Size To Use:	  1024
[2023.05.04-06.22.34:523][  0]LogAudioMixer: Display: 	Number of buffers to queue:			  2
[2023.05.04-06.22.34:523][  0]LogAudioMixer: Display: 	Max Channels (voices):				  32
[2023.05.04-06.22.34:523][  0]LogAudioMixer: Display: 	Number of Async Source Workers:		  0
[2023.05.04-06.22.34:523][  0]LogAudio: Display: AudioDevice MaxSources: 32
[2023.05.04-06.22.34:524][  0]LogAudio: Display: Audio Spatialization Plugin: None (built-in).
[2023.05.04-06.22.34:524][  0]LogAudio: Display: Audio Reverb Plugin: None (built-in).
[2023.05.04-06.22.34:524][  0]LogAudio: Display: Audio Occlusion Plugin: None (built-in).
[2023.05.04-06.22.34:524][  0]LogAudioMixer: Display: Initializing audio mixer.
[2023.05.04-06.22.34:555][  0]LogAudioMixer: Display: 0: FrontLeft
[2023.05.04-06.22.34:555][  0]LogAudioMixer: Display: 1: FrontRight
[2023.05.04-06.22.34:578][  0]LogAudioMixer: Display: Using Audio Device Speakers (4- G733 Gaming Headset)
[2023.05.04-06.22.34:579][  0]LogAudioMixer: Display: Initializing Sound Submixes...
[2023.05.04-06.22.34:583][  0]LogAudioMixer: Display: Creating Master Submix 'MasterSubmixDefault'
[2023.05.04-06.22.34:583][  0]LogAudioMixer: Display: Creating Master Submix 'MasterReverbSubmixDefault'
[2023.05.04-06.22.34:585][  0]LogAudioMixer: Display: Creating Master Submix 'MasterEQSubmixDefault'
[2023.05.04-06.22.34:586][  0]LogAudioMixer: FMixerPlatformXAudio2::StartAudioStream() called
[2023.05.04-06.22.34:586][  0]LogAudioMixer: Display: Output buffers initialized: Frames=1024, Channels=2, Samples=2048
[2023.05.04-06.22.34:588][  0]LogAudioMixer: Display: Starting AudioMixerPlatformInterface::RunInternal()
[2023.05.04-06.22.34:588][  0]LogAudioMixer: Display: FMixerPlatformXAudio2::SubmitBuffer() called for the first time
[2023.05.04-06.22.34:588][  0]LogInit: FAudioDevice initialized.
[2023.05.04-06.22.34:588][  0]LogAudio: Display: Audio Device (ID: 1) registered with world 'Untitled'.
[2023.05.04-06.22.34:588][  0]LogNetVersion: Set ProjectVersion to 1.0.0.0. Version Checksum will be recalculated on next use.
[2023.05.04-06.22.34:720][  0]LogDerivedDataCache: Saved boot cache 0.13s 94MB C:/Users/Daniel George/AppData/Local/UnrealEngine/4.27/DerivedDataCache/Boot.ddc.
[2023.05.04-06.22.34:721][  0]LogInit: Texture streaming: Enabled
[2023.05.04-06.22.34:740][  0]LogAnalytics: Display: [UEEditor.Rocket.Release] APIServer = https://datarouter.ol.epicgames.com/. AppVersion = 4.27.2-18319896+++UE4+Release-4.27
[2023.05.04-06.22.34:746][  0]LogEngineSessionManager: EngineSessionManager initialized
[2023.05.04-06.22.34:746][  0]LogEditorSessionSummary: Verbose: Initializing EditorSessionSummaryWriter for editor session tracking
[2023.05.04-06.22.34:749][  0]LogEditorSessionSummary: EditorSessionSummaryWriter initialized
[2023.05.04-06.22.34:792][  0]LogInit: Transaction tracking system initialized
[2023.05.04-06.22.34:824][  0]BlueprintLog: New page: Editor Load
[2023.05.04-06.22.34:908][  0]LocalizationService: Localization service is disabled
[2023.05.04-06.22.34:940][  0]TimingProfiler: Initialize
[2023.05.04-06.22.34:940][  0]TimingProfiler: OnSessionChanged
[2023.05.04-06.22.34:940][  0]LoadingProfiler: Initialize
[2023.05.04-06.22.34:940][  0]LoadingProfiler: OnSessionChanged
[2023.05.04-06.22.34:940][  0]NetworkingProfiler: Initialize
[2023.05.04-06.22.34:940][  0]NetworkingProfiler: OnSessionChanged
[2023.05.04-06.22.34:940][  0]MemoryProfiler: Initialize
[2023.05.04-06.22.34:940][  0]MemoryProfiler: OnSessionChanged
[2023.05.04-06.22.35:167][  0]LogCook: Display: CookSettings for Memory: MemoryMaxUsedVirtual 0MiB, MemoryMaxUsedPhysical 16384MiB, MemoryMinFreeVirtual 0MiB, MemoryMinFreePhysical 1024MiB
[2023.05.04-06.22.35:167][  0]LogCook: Display: Mobile HDR setting 1
[2023.05.04-06.22.35:475][  0]LogFileCache: Scanning file cache for directory 'E:/Github Work/MomentaryWeakness_UE4/MomentartWeakUe4/Content/' took 0.01s
[2023.05.04-06.22.35:475][  0]LogInit: Display: Engine is initialized. Leaving FEngineLoop::Init()
[2023.05.04-06.22.35:482][  0]SourceControl: Source control is disabled
[2023.05.04-06.22.35:482][  0]LogUnrealEdMisc: Loading editor; pre map load, took 12.954
[2023.05.04-06.22.35:483][  0]Cmd: MAP LOAD FILE="../../../../../Github Work/MomentaryWeakness_UE4/MomentartWeakUe4/Content/FirstPersonBP/Maps/FirstPersonExampleMap.umap" TEMPLATE=0 SHOWPROGRESS=1 FEATURELEVEL=3
[2023.05.04-06.22.35:484][  0]LightingResults: New page: Lighting Build
[2023.05.04-06.22.35:487][  0]LogWorld: UWorld::CleanupWorld for Untitled, bSessionEnded=true, bCleanupResources=true
[2023.05.04-06.22.35:488][  0]LogSlate: InvalidateAllWidgets triggered.  All widgets were invalidated
[2023.05.04-06.22.35:488][  0]MapCheck: New page: Map Check
[2023.05.04-06.22.35:488][  0]LightingResults: New page: Lighting Build
[2023.05.04-06.22.35:500][  0]LogAudio: Display: Audio Device unregistered from world 'None'.
[2023.05.04-06.22.35:504][  0]LogUObjectHash: Compacting FUObjectHashTables data took   1.25ms
[2023.05.04-06.22.35:874][  0]LogTexture: Display: Building textures: DeprecatedTexture4E9A31EC459F824B7293D9A5960F381F (BGRA8, 128X128)
[2023.05.04-06.22.35:982][  0]LogAudio: Display: Audio Device (ID: 1) registered with world 'FirstPersonExampleMap'.
[2023.05.04-06.22.35:983][  0]LogAIModule: Creating AISystem for world FirstPersonExampleMap
[2023.05.04-06.22.35:999][  0]LogEditorServer: Finished looking for orphan Actors (0.000 secs)
[2023.05.04-06.22.36:017][  0]LogUObjectHash: Compacting FUObjectHashTables data took   1.54ms
[2023.05.04-06.22.36:017][  0]Cmd: MAP CHECKDEP NOCLEARLOG
[2023.05.04-06.22.36:018][  0]MapCheck: Map check complete: 0 Error(s), 0 Warning(s), took 0.186ms to complete.
[2023.05.04-06.22.36:018][  0]LogFileHelpers: Loading map 'FirstPersonExampleMap' took 0.535
[2023.05.04-06.22.36:021][  0]LogUnrealEdMisc: Total Editor Startup Time, took 13.492
[2023.05.04-06.22.36:204][  0]LogSlate: Updating window title bar state: overlay mode, drag disabled, window buttons hidden, title bar hidden
[2023.05.04-06.22.36:217][  0]LogSlate: Updating window title bar state: overlay mode, drag disabled, window buttons hidden, title bar hidden
[2023.05.04-06.22.36:230][  0]LogSlate: Updating window title bar state: overlay mode, drag disabled, window buttons hidden, title bar hidden
[2023.05.04-06.22.36:242][  0]LogSlate: Updating window title bar state: overlay mode, drag disabled, window buttons hidden, title bar hidden
[2023.05.04-06.22.36:267][  0]LogNativeClassHierarchy: Verbose: Native class hierarchy populated in 0.0174 seconds. Added 3814 classes and 921 folders.
[2023.05.04-06.22.36:271][  0]LogNativeClassHierarchy: Verbose: Native class hierarchy updated for 'WidgetCarousel' in 0.0005 seconds. Added 0 classes and 0 folders.
[2023.05.04-06.22.36:275][  0]LogPakFile: PakFile PrimaryIndexSize=187
[2023.05.04-06.22.36:275][  0]LogPakFile: PakFile PathHashIndexSize=101
[2023.05.04-06.22.36:275][  0]LogPakFile: PakFile FullDirectoryIndexSize=148
[2023.05.04-06.22.36:275][  0]LogShaderLibrary: Display: ShaderCodeLibraryPakFileMountedCallback: PakFile 'E:/Epic Got me by the balls/UE_4.27/FeaturePacks/FP_FirstPerson.upack' (chunk index -1, root 'root:/') mounted
[2023.05.04-06.22.36:275][  0]LogShaderLibrary: Display: ShaderCodeLibraryPakFileMountedCallback: pending pak file info (ChunkID:-1 Root:root:/ File:E:/Epic Got me by the balls/UE_4.27/FeaturePacks/FP_FirstPerson.upack)
[2023.05.04-06.22.36:275][  0]LogPakFile: OnPakFileMounted2Time == 0.000099
[2023.05.04-06.22.36:277][  0]LogPakFile: PakFile PrimaryIndexSize=189
[2023.05.04-06.22.36:277][  0]LogPakFile: PakFile PathHashIndexSize=101
[2023.05.04-06.22.36:277][  0]LogPakFile: PakFile FullDirectoryIndexSize=152
[2023.05.04-06.22.36:277][  0]LogShaderLibrary: Display: ShaderCodeLibraryPakFileMountedCallback: PakFile 'E:/Epic Got me by the balls/UE_4.27/FeaturePacks/FP_FirstPersonBP.upack' (chunk index -1, root 'root:/') mounted
[2023.05.04-06.22.36:277][  0]LogShaderLibrary: Display: ShaderCodeLibraryPakFileMountedCallback: pending pak file info (ChunkID:-1 Root:root:/ File:E:/Epic Got me by the balls/UE_4.27/FeaturePacks/FP_FirstPersonBP.upack)
[2023.05.04-06.22.36:277][  0]LogPakFile: OnPakFileMounted2Time == 0.000075
[2023.05.04-06.22.36:279][  0]LogPakFile: PakFile PrimaryIndexSize=191
[2023.05.04-06.22.36:279][  0]LogPakFile: PakFile PathHashIndexSize=101
[2023.05.04-06.22.36:279][  0]LogPakFile: PakFile FullDirectoryIndexSize=160
[2023.05.04-06.22.36:279][  0]LogShaderLibrary: Display: ShaderCodeLibraryPakFileMountedCallback: PakFile 'E:/Epic Got me by the balls/UE_4.27/FeaturePacks/MobileStarterContent.upack' (chunk index -1, root 'root:/') mounted
[2023.05.04-06.22.36:279][  0]LogShaderLibrary: Display: ShaderCodeLibraryPakFileMountedCallback: pending pak file info (ChunkID:-1 Root:root:/ File:E:/Epic Got me by the balls/UE_4.27/FeaturePacks/MobileStarterContent.upack)
[2023.05.04-06.22.36:279][  0]LogPakFile: OnPakFileMounted2Time == 0.000070
[2023.05.04-06.22.36:281][  0]LogPakFile: PakFile PrimaryIndexSize=185
[2023.05.04-06.22.36:281][  0]LogPakFile: PakFile PathHashIndexSize=101
[2023.05.04-06.22.36:281][  0]LogPakFile: PakFile FullDirectoryIndexSize=148
[2023.05.04-06.22.36:281][  0]LogShaderLibrary: Display: ShaderCodeLibraryPakFileMountedCallback: PakFile 'E:/Epic Got me by the balls/UE_4.27/FeaturePacks/StarterContent.upack' (chunk index -1, root 'root:/') mounted
[2023.05.04-06.22.36:281][  0]LogShaderLibrary: Display: ShaderCodeLibraryPakFileMountedCallback: pending pak file info (ChunkID:-1 Root:root:/ File:E:/Epic Got me by the balls/UE_4.27/FeaturePacks/StarterContent.upack)
[2023.05.04-06.22.36:281][  0]LogPakFile: OnPakFileMounted2Time == 0.000078
[2023.05.04-06.22.36:283][  0]LogPakFile: PakFile PrimaryIndexSize=190
[2023.05.04-06.22.36:283][  0]LogPakFile: PakFile PathHashIndexSize=101
[2023.05.04-06.22.36:283][  0]LogPakFile: PakFile FullDirectoryIndexSize=154
[2023.05.04-06.22.36:283][  0]LogShaderLibrary: Display: ShaderCodeLibraryPakFileMountedCallback: PakFile 'E:/Epic Got me by the balls/UE_4.27/FeaturePacks/TP_2DSideScroller.upack' (chunk index -1, root 'root:/') mounted
[2023.05.04-06.22.36:283][  0]LogShaderLibrary: Display: ShaderCodeLibraryPakFileMountedCallback: pending pak file info (ChunkID:-1 Root:root:/ File:E:/Epic Got me by the balls/UE_4.27/FeaturePacks/TP_2DSideScroller.upack)
[2023.05.04-06.22.36:283][  0]LogPakFile: OnPakFileMounted2Time == 0.000041
[2023.05.04-06.22.36:284][  0]LogPakFile: PakFile PrimaryIndexSize=192
[2023.05.04-06.22.36:284][  0]LogPakFile: PakFile PathHashIndexSize=101
[2023.05.04-06.22.36:285][  0]LogPakFile: PakFile FullDirectoryIndexSize=158
[2023.05.04-06.22.36:285][  0]LogShaderLibrary: Display: ShaderCodeLibraryPakFileMountedCallback: PakFile 'E:/Epic Got me by the balls/UE_4.27/FeaturePacks/TP_2DSideScrollerBP.upack' (chunk index -1, root 'root:/') mounted
[2023.05.04-06.22.36:285][  0]LogShaderLibrary: Display: ShaderCodeLibraryPakFileMountedCallback: pending pak file info (ChunkID:-1 Root:root:/ File:E:/Epic Got me by the balls/UE_4.27/FeaturePacks/TP_2DSideScrollerBP.upack)
[2023.05.04-06.22.36:285][  0]LogPakFile: OnPakFileMounted2Time == 0.000082
[2023.05.04-06.22.36:287][  0]LogPakFile: PakFile PrimaryIndexSize=182
[2023.05.04-06.22.36:287][  0]LogPakFile: PakFile PathHashIndexSize=101
[2023.05.04-06.22.36:287][  0]LogPakFile: PakFile FullDirectoryIndexSize=138
[2023.05.04-06.22.36:287][  0]LogShaderLibrary: Display: ShaderCodeLibraryPakFileMountedCallback: PakFile 'E:/Epic Got me by the balls/UE_4.27/FeaturePacks/TP_Flying.upack' (chunk index -1, root 'root:/') mounted
[2023.05.04-06.22.36:287][  0]LogShaderLibrary: Display: ShaderCodeLibraryPakFileMountedCallback: pending pak file info (ChunkID:-1 Root:root:/ File:E:/Epic Got me by the balls/UE_4.27/FeaturePacks/TP_Flying.upack)
[2023.05.04-06.22.36:287][  0]LogPakFile: OnPakFileMounted2Time == 0.000099
[2023.05.04-06.22.36:289][  0]LogPakFile: PakFile PrimaryIndexSize=184
[2023.05.04-06.22.36:289][  0]LogPakFile: PakFile PathHashIndexSize=101
[2023.05.04-06.22.36:289][  0]LogPakFile: PakFile FullDirectoryIndexSize=142
[2023.05.04-06.22.36:289][  0]LogShaderLibrary: Display: ShaderCodeLibraryPakFileMountedCallback: PakFile 'E:/Epic Got me by the balls/UE_4.27/FeaturePacks/TP_FlyingBP.upack' (chunk index -1, root 'root:/') mounted
[2023.05.04-06.22.36:289][  0]LogShaderLibrary: Display: ShaderCodeLibraryPakFileMountedCallback: pending pak file info (ChunkID:-1 Root:root:/ File:E:/Epic Got me by the balls/UE_4.27/FeaturePacks/TP_FlyingBP.upack)
[2023.05.04-06.22.36:289][  0]LogPakFile: OnPakFileMounted2Time == 0.000152
[2023.05.04-06.22.36:291][  0]LogPakFile: PakFile PrimaryIndexSize=188
[2023.05.04-06.22.36:291][  0]LogPakFile: PakFile PathHashIndexSize=101
[2023.05.04-06.22.36:291][  0]LogPakFile: PakFile FullDirectoryIndexSize=150
[2023.05.04-06.22.36:291][  0]LogShaderLibrary: Display: ShaderCodeLibraryPakFileMountedCallback: PakFile 'E:/Epic Got me by the balls/UE_4.27/FeaturePacks/TP_HandheldARBP.upack' (chunk index -1, root 'root:/') mounted
[2023.05.04-06.22.36:291][  0]LogShaderLibrary: Display: ShaderCodeLibraryPakFileMountedCallback: pending pak file info (ChunkID:-1 Root:root:/ File:E:/Epic Got me by the balls/UE_4.27/FeaturePacks/TP_HandheldARBP.upack)
[2023.05.04-06.22.36:292][  0]LogPakFile: OnPakFileMounted2Time == 0.000100
[2023.05.04-06.22.36:294][  0]LogPakFile: PakFile PrimaryIndexSize=182
[2023.05.04-06.22.36:294][  0]LogPakFile: PakFile PathHashIndexSize=101
[2023.05.04-06.22.36:294][  0]LogPakFile: PakFile FullDirectoryIndexSize=138
[2023.05.04-06.22.36:294][  0]LogShaderLibrary: Display: ShaderCodeLibraryPakFileMountedCallback: PakFile 'E:/Epic Got me by the balls/UE_4.27/FeaturePacks/TP_Puzzle.upack' (chunk index -1, root 'root:/') mounted
[2023.05.04-06.22.36:294][  0]LogShaderLibrary: Display: ShaderCodeLibraryPakFileMountedCallback: pending pak file info (ChunkID:-1 Root:root:/ File:E:/Epic Got me by the balls/UE_4.27/FeaturePacks/TP_Puzzle.upack)
[2023.05.04-06.22.36:294][  0]LogPakFile: OnPakFileMounted2Time == 0.000057
[2023.05.04-06.22.36:295][  0]LogPakFile: PakFile PrimaryIndexSize=184
[2023.05.04-06.22.36:295][  0]LogPakFile: PakFile PathHashIndexSize=101
[2023.05.04-06.22.36:295][  0]LogPakFile: PakFile FullDirectoryIndexSize=142
[2023.05.04-06.22.36:296][  0]LogShaderLibrary: Display: ShaderCodeLibraryPakFileMountedCallback: PakFile 'E:/Epic Got me by the balls/UE_4.27/FeaturePacks/TP_PuzzleBP.upack' (chunk index -1, root 'root:/') mounted
[2023.05.04-06.22.36:296][  0]LogShaderLibrary: Display: ShaderCodeLibraryPakFileMountedCallback: pending pak file info (ChunkID:-1 Root:root:/ File:E:/Epic Got me by the balls/UE_4.27/FeaturePacks/TP_PuzzleBP.upack)
[2023.05.04-06.22.36:296][  0]LogPakFile: OnPakFileMounted2Time == 0.000129
[2023.05.04-06.22.36:298][  0]LogPakFile: PakFile PrimaryIndexSize=183
[2023.05.04-06.22.36:298][  0]LogPakFile: PakFile PathHashIndexSize=101
[2023.05.04-06.22.36:298][  0]LogPakFile: PakFile FullDirectoryIndexSize=140
[2023.05.04-06.22.36:298][  0]LogShaderLibrary: Display: ShaderCodeLibraryPakFileMountedCallback: PakFile 'E:/Epic Got me by the balls/UE_4.27/FeaturePacks/TP_Rolling.upack' (chunk index -1, root 'root:/') mounted
[2023.05.04-06.22.36:298][  0]LogShaderLibrary: Display: ShaderCodeLibraryPakFileMountedCallback: pending pak file info (ChunkID:-1 Root:root:/ File:E:/Epic Got me by the balls/UE_4.27/FeaturePacks/TP_Rolling.upack)
[2023.05.04-06.22.36:298][  0]LogPakFile: OnPakFileMounted2Time == 0.000122
[2023.05.04-06.22.36:300][  0]LogPakFile: PakFile PrimaryIndexSize=185
[2023.05.04-06.22.36:300][  0]LogPakFile: PakFile PathHashIndexSize=101
[2023.05.04-06.22.36:300][  0]LogPakFile: PakFile FullDirectoryIndexSize=144
[2023.05.04-06.22.36:300][  0]LogShaderLibrary: Display: ShaderCodeLibraryPakFileMountedCallback: PakFile 'E:/Epic Got me by the balls/UE_4.27/FeaturePacks/TP_RollingBP.upack' (chunk index -1, root 'root:/') mounted
[2023.05.04-06.22.36:300][  0]LogShaderLibrary: Display: ShaderCodeLibraryPakFileMountedCallback: pending pak file info (ChunkID:-1 Root:root:/ File:E:/Epic Got me by the balls/UE_4.27/FeaturePacks/TP_RollingBP.upack)
[2023.05.04-06.22.36:300][  0]LogPakFile: OnPakFileMounted2Time == 0.000038
[2023.05.04-06.22.36:302][  0]LogPakFile: PakFile PrimaryIndexSize=188
[2023.05.04-06.22.36:302][  0]LogPakFile: PakFile PathHashIndexSize=101
[2023.05.04-06.22.36:302][  0]LogPakFile: PakFile FullDirectoryIndexSize=150
[2023.05.04-06.22.36:302][  0]LogShaderLibrary: Display: ShaderCodeLibraryPakFileMountedCallback: PakFile 'E:/Epic Got me by the balls/UE_4.27/FeaturePacks/TP_SideScroller.upack' (chunk index -1, root 'root:/') mounted
[2023.05.04-06.22.36:302][  0]LogShaderLibrary: Display: ShaderCodeLibraryPakFileMountedCallback: pending pak file info (ChunkID:-1 Root:root:/ File:E:/Epic Got me by the balls/UE_4.27/FeaturePacks/TP_SideScroller.upack)
[2023.05.04-06.22.36:302][  0]LogPakFile: OnPakFileMounted2Time == 0.000124
[2023.05.04-06.22.36:304][  0]LogPakFile: PakFile PrimaryIndexSize=190
[2023.05.04-06.22.36:304][  0]LogPakFile: PakFile PathHashIndexSize=101
[2023.05.04-06.22.36:304][  0]LogPakFile: PakFile FullDirectoryIndexSize=154
[2023.05.04-06.22.36:304][  0]LogShaderLibrary: Display: ShaderCodeLibraryPakFileMountedCallback: PakFile 'E:/Epic Got me by the balls/UE_4.27/FeaturePacks/TP_SideScrollerBP.upack' (chunk index -1, root 'root:/') mounted
[2023.05.04-06.22.36:305][  0]LogShaderLibrary: Display: ShaderCodeLibraryPakFileMountedCallback: pending pak file info (ChunkID:-1 Root:root:/ File:E:/Epic Got me by the balls/UE_4.27/FeaturePacks/TP_SideScrollerBP.upack)
[2023.05.04-06.22.36:305][  0]LogPakFile: OnPakFileMounted2Time == 0.000117
[2023.05.04-06.22.36:307][  0]LogPakFile: PakFile PrimaryIndexSize=187
[2023.05.04-06.22.36:307][  0]LogPakFile: PakFile PathHashIndexSize=101
[2023.05.04-06.22.36:307][  0]LogPakFile: PakFile FullDirectoryIndexSize=148
[2023.05.04-06.22.36:307][  0]LogShaderLibrary: Display: ShaderCodeLibraryPakFileMountedCallback: PakFile 'E:/Epic Got me by the balls/UE_4.27/FeaturePacks/TP_ThirdPerson.upack' (chunk index -1, root 'root:/') mounted
[2023.05.04-06.22.36:307][  0]LogShaderLibrary: Display: ShaderCodeLibraryPakFileMountedCallback: pending pak file info (ChunkID:-1 Root:root:/ File:E:/Epic Got me by the balls/UE_4.27/FeaturePacks/TP_ThirdPerson.upack)
[2023.05.04-06.22.36:307][  0]LogPakFile: OnPakFileMounted2Time == 0.000081
[2023.05.04-06.22.36:309][  0]LogPakFile: PakFile PrimaryIndexSize=189
[2023.05.04-06.22.36:309][  0]LogPakFile: PakFile PathHashIndexSize=101
[2023.05.04-06.22.36:309][  0]LogPakFile: PakFile FullDirectoryIndexSize=152
[2023.05.04-06.22.36:309][  0]LogShaderLibrary: Display: ShaderCodeLibraryPakFileMountedCallback: PakFile 'E:/Epic Got me by the balls/UE_4.27/FeaturePacks/TP_ThirdPersonBP.upack' (chunk index -1, root 'root:/') mounted
[2023.05.04-06.22.36:309][  0]LogShaderLibrary: Display: ShaderCodeLibraryPakFileMountedCallback: pending pak file info (ChunkID:-1 Root:root:/ File:E:/Epic Got me by the balls/UE_4.27/FeaturePacks/TP_ThirdPersonBP.upack)
[2023.05.04-06.22.36:309][  0]LogPakFile: OnPakFileMounted2Time == 0.000043
[2023.05.04-06.22.36:310][  0]LogPakFile: PakFile PrimaryIndexSize=183
[2023.05.04-06.22.36:310][  0]LogPakFile: PakFile PathHashIndexSize=101
[2023.05.04-06.22.36:310][  0]LogPakFile: PakFile FullDirectoryIndexSize=140
[2023.05.04-06.22.36:310][  0]LogShaderLibrary: Display: ShaderCodeLibraryPakFileMountedCallback: PakFile 'E:/Epic Got me by the balls/UE_4.27/FeaturePacks/TP_TopDown.upack' (chunk index -1, root 'root:/') mounted
[2023.05.04-06.22.36:310][  0]LogShaderLibrary: Display: ShaderCodeLibraryPakFileMountedCallback: pending pak file info (ChunkID:-1 Root:root:/ File:E:/Epic Got me by the balls/UE_4.27/FeaturePacks/TP_TopDown.upack)
[2023.05.04-06.22.36:310][  0]LogPakFile: OnPakFileMounted2Time == 0.000047
[2023.05.04-06.22.36:312][  0]LogPakFile: PakFile PrimaryIndexSize=185
[2023.05.04-06.22.36:312][  0]LogPakFile: PakFile PathHashIndexSize=101
[2023.05.04-06.22.36:312][  0]LogPakFile: PakFile FullDirectoryIndexSize=144
[2023.05.04-06.22.36:312][  0]LogShaderLibrary: Display: ShaderCodeLibraryPakFileMountedCallback: PakFile 'E:/Epic Got me by the balls/UE_4.27/FeaturePacks/TP_TopDownBP.upack' (chunk index -1, root 'root:/') mounted
[2023.05.04-06.22.36:312][  0]LogShaderLibrary: Display: ShaderCodeLibraryPakFileMountedCallback: pending pak file info (ChunkID:-1 Root:root:/ File:E:/Epic Got me by the balls/UE_4.27/FeaturePacks/TP_TopDownBP.upack)
[2023.05.04-06.22.36:312][  0]LogPakFile: OnPakFileMounted2Time == 0.000041
[2023.05.04-06.22.36:313][  0]LogPakFile: PakFile PrimaryIndexSize=185
[2023.05.04-06.22.36:313][  0]LogPakFile: PakFile PathHashIndexSize=101
[2023.05.04-06.22.36:313][  0]LogPakFile: PakFile FullDirectoryIndexSize=144
[2023.05.04-06.22.36:313][  0]LogShaderLibrary: Display: ShaderCodeLibraryPakFileMountedCallback: PakFile 'E:/Epic Got me by the balls/UE_4.27/FeaturePacks/TP_TwinStick.upack' (chunk index -1, root 'root:/') mounted
[2023.05.04-06.22.36:313][  0]LogShaderLibrary: Display: ShaderCodeLibraryPakFileMountedCallback: pending pak file info (ChunkID:-1 Root:root:/ File:E:/Epic Got me by the balls/UE_4.27/FeaturePacks/TP_TwinStick.upack)
[2023.05.04-06.22.36:313][  0]LogPakFile: OnPakFileMounted2Time == 0.000036
[2023.05.04-06.22.36:314][  0]LogPakFile: PakFile PrimaryIndexSize=187
[2023.05.04-06.22.36:314][  0]LogPakFile: PakFile PathHashIndexSize=101
[2023.05.04-06.22.36:314][  0]LogPakFile: PakFile FullDirectoryIndexSize=148
[2023.05.04-06.22.36:314][  0]LogShaderLibrary: Display: ShaderCodeLibraryPakFileMountedCallback: PakFile 'E:/Epic Got me by the balls/UE_4.27/FeaturePacks/TP_TwinStickBP.upack' (chunk index -1, root 'root:/') mounted
[2023.05.04-06.22.36:314][  0]LogShaderLibrary: Display: ShaderCodeLibraryPakFileMountedCallback: pending pak file info (ChunkID:-1 Root:root:/ File:E:/Epic Got me by the balls/UE_4.27/FeaturePacks/TP_TwinStickBP.upack)
[2023.05.04-06.22.36:314][  0]LogPakFile: OnPakFileMounted2Time == 0.000036
[2023.05.04-06.22.36:316][  0]LogPakFile: PakFile PrimaryIndexSize=183
[2023.05.04-06.22.36:316][  0]LogPakFile: PakFile PathHashIndexSize=101
[2023.05.04-06.22.36:316][  0]LogPakFile: PakFile FullDirectoryIndexSize=140
[2023.05.04-06.22.36:316][  0]LogShaderLibrary: Display: ShaderCodeLibraryPakFileMountedCallback: PakFile 'E:/Epic Got me by the balls/UE_4.27/FeaturePacks/TP_Vehicle.upack' (chunk index -1, root 'root:/') mounted
[2023.05.04-06.22.36:316][  0]LogShaderLibrary: Display: ShaderCodeLibraryPakFileMountedCallback: pending pak file info (ChunkID:-1 Root:root:/ File:E:/Epic Got me by the balls/UE_4.27/FeaturePacks/TP_Vehicle.upack)
[2023.05.04-06.22.36:316][  0]LogPakFile: OnPakFileMounted2Time == 0.000038
[2023.05.04-06.22.36:317][  0]LogPakFile: PakFile PrimaryIndexSize=186
[2023.05.04-06.22.36:318][  0]LogPakFile: PakFile PathHashIndexSize=101
[2023.05.04-06.22.36:318][  0]LogPakFile: PakFile FullDirectoryIndexSize=146
[2023.05.04-06.22.36:318][  0]LogShaderLibrary: Display: ShaderCodeLibraryPakFileMountedCallback: PakFile 'E:/Epic Got me by the balls/UE_4.27/FeaturePacks/TP_VehicleAdv.upack' (chunk index -1, root 'root:/') mounted
[2023.05.04-06.22.36:318][  0]LogShaderLibrary: Display: ShaderCodeLibraryPakFileMountedCallback: pending pak file info (ChunkID:-1 Root:root:/ File:E:/Epic Got me by the balls/UE_4.27/FeaturePacks/TP_VehicleAdv.upack)
[2023.05.04-06.22.36:318][  0]LogPakFile: OnPakFileMounted2Time == 0.000065
[2023.05.04-06.22.36:320][  0]LogPakFile: PakFile PrimaryIndexSize=188
[2023.05.04-06.22.36:320][  0]LogPakFile: PakFile PathHashIndexSize=101
[2023.05.04-06.22.36:320][  0]LogPakFile: PakFile FullDirectoryIndexSize=150
[2023.05.04-06.22.36:320][  0]LogShaderLibrary: Display: ShaderCodeLibraryPakFileMountedCallback: PakFile 'E:/Epic Got me by the balls/UE_4.27/FeaturePacks/TP_VehicleAdvBP.upack' (chunk index -1, root 'root:/') mounted
[2023.05.04-06.22.36:320][  0]LogShaderLibrary: Display: ShaderCodeLibraryPakFileMountedCallback: pending pak file info (ChunkID:-1 Root:root:/ File:E:/Epic Got me by the balls/UE_4.27/FeaturePacks/TP_VehicleAdvBP.upack)
[2023.05.04-06.22.36:320][  0]LogPakFile: OnPakFileMounted2Time == 0.000185
[2023.05.04-06.22.36:322][  0]LogPakFile: PakFile PrimaryIndexSize=185
[2023.05.04-06.22.36:322][  0]LogPakFile: PakFile PathHashIndexSize=101
[2023.05.04-06.22.36:322][  0]LogPakFile: PakFile FullDirectoryIndexSize=144
[2023.05.04-06.22.36:322][  0]LogShaderLibrary: Display: ShaderCodeLibraryPakFileMountedCallback: PakFile 'E:/Epic Got me by the balls/UE_4.27/FeaturePacks/TP_VehicleBP.upack' (chunk index -1, root 'root:/') mounted
[2023.05.04-06.22.36:322][  0]LogShaderLibrary: Display: ShaderCodeLibraryPakFileMountedCallback: pending pak file info (ChunkID:-1 Root:root:/ File:E:/Epic Got me by the balls/UE_4.27/FeaturePacks/TP_VehicleBP.upack)
[2023.05.04-06.22.36:322][  0]LogPakFile: OnPakFileMounted2Time == 0.000048
[2023.05.04-06.22.36:324][  0]LogPakFile: PakFile PrimaryIndexSize=192
[2023.05.04-06.22.36:324][  0]LogPakFile: PakFile PathHashIndexSize=101
[2023.05.04-06.22.36:324][  0]LogPakFile: PakFile FullDirectoryIndexSize=158
[2023.05.04-06.22.36:324][  0]LogShaderLibrary: Display: ShaderCodeLibraryPakFileMountedCallback: PakFile 'E:/Epic Got me by the balls/UE_4.27/FeaturePacks/TP_VirtualRealityBP.upack' (chunk index -1, root 'root:/') mounted
[2023.05.04-06.22.36:324][  0]LogShaderLibrary: Display: ShaderCodeLibraryPakFileMountedCallback: pending pak file info (ChunkID:-1 Root:root:/ File:E:/Epic Got me by the balls/UE_4.27/FeaturePacks/TP_VirtualRealityBP.upack)
[2023.05.04-06.22.36:324][  0]LogPakFile: OnPakFileMounted2Time == 0.000040
[2023.05.04-06.22.36:496][  0]LogNativeClassHierarchy: Verbose: Native class hierarchy updated for 'AddContentDialog' in 0.0005 seconds. Added 0 classes and 0 folders.
[2023.05.04-06.22.36:499][  0]LogNativeClassHierarchy: Verbose: Native class hierarchy updated for 'SceneOutliner' in 0.0005 seconds. Added 2 classes and 0 folders.
[2023.05.04-06.22.36:512][  0]LogNativeClassHierarchy: Verbose: Native class hierarchy updated for 'WorldBrowser' in 0.0005 seconds. Added 2 classes and 3 folders.
[2023.05.04-06.22.36:517][  0]LogSlate: The tab "/Game/Blueprints/Tools/Checkpoints/EUW_Checkpoints.EUW_Checkpoints_ActiveTab" attempted to spawn in layout 'LevelEditor_Layout_v1.2' but failed for some reason. It will not be displayed.
[2023.05.04-06.22.36:517][  0]LogSlate: The tab "/Game/Blueprints/Tools/Checkpoints/EUW_Checkpoints.EUW_Checkpoints_ActiveTab" attempted to spawn in layout 'LevelEditor_Layout_v1.2' but failed for some reason. It will not be displayed.
[2023.05.04-06.22.37:245][  0]LogSlate: Only BGRA pngs, bmps or icos are supported in by External Image Picker
[2023.05.04-06.22.37:405][  0]LogSlate: Took 0.000391 seconds to synchronously load lazily loaded font '../../../Engine/Content/Slate/Fonts/Roboto-Regular.ttf' (155K)
[2023.05.04-06.22.37:408][  0]LogSlate: Took 0.000469 seconds to synchronously load lazily loaded font '../../../Engine/Content/Editor/Slate/Fonts/FontAwesome.ttf' (139K)
[2023.05.04-06.22.37:409][  0]LogSlate: Took 0.000366 seconds to synchronously load lazily loaded font '../../../Engine/Content/Slate/Fonts/Roboto-Bold.ttf' (160K)
[2023.05.04-06.22.37:570][  0]LogRenderer: Reallocating scene render targets to support 1252x640 Format 10 NumSamples 1 (Frame:1).
[2023.05.04-06.22.38:835][  0]LogNativeClassHierarchy: Verbose: Native class hierarchy updated for 'HierarchicalLODOutliner' in 0.0007 seconds. Added 0 classes and 0 folders.
[2023.05.04-06.22.38:836][  0]LogLoad: (Engine Initialization) Total time: 16.31 seconds
[2023.05.04-06.22.38:836][  0]LogLoad: (Engine Initialization) Total Blueprint compile time: 0.00 seconds
[2023.05.04-06.22.38:958][  0]LogContentStreaming: Texture pool size now 1000 MB
[2023.05.04-06.22.38:999][  1]LogAssetRegistry: Asset discovery search completed in 9.1393 seconds
[2023.05.04-06.22.39:014][  1]LogCollectionManager: Fixed up redirectors for 0 collections in 0.000008 seconds (updated 0 objects)
[2023.05.04-06.22.39:353][  2]LogSlate: Took 0.000456 seconds to synchronously load lazily loaded font '../../../Engine/Content/Slate/Fonts/Roboto-Light.ttf' (167K)
